2023-04-26T15:36:55.313Z [test] info: Mongo Client Connected For DB: ps
2023-04-26T15:36:55.368Z [test] info: MQ Client Connected For: 127.0.0.1
2023-04-26T15:36:55.375Z [test] info: Mongo Client Connected For DB: ps
2023-04-26T15:36:55.377Z [test] info: Redis Client Connected For DB: 11
2023-04-26T15:36:55.377Z [test] info: Lookup Cache Initialized...
2023-04-26T15:36:55.378Z [test] info: Redis Client Connected For DB: 12
2023-04-26T15:36:55.378Z [test] info: Request Cache Initialized...
2023-04-26T15:36:56.864Z [test] info: Protocol Server started on PORT : 5002
2023-04-26T15:36:56.864Z [test] info: Protocol Server Started Successfully
2023-04-26T15:36:56.864Z [test] info: Mode: BAP
2023-04-26T15:36:56.864Z [test] info: Gateway Type: NETWORK
2023-04-26T15:37:05.812Z [test] info: Mongo Client Connected For DB: ps
2023-04-26T15:37:05.872Z [test] info: MQ Client Connected For: 127.0.0.1
2023-04-26T15:37:05.881Z [test] info: Mongo Client Connected For DB: ps
2023-04-26T15:37:05.883Z [test] info: Redis Client Connected For DB: 11
2023-04-26T15:37:05.884Z [test] info: Lookup Cache Initialized...
2023-04-26T15:37:05.885Z [test] info: Redis Client Connected For DB: 12
2023-04-26T15:37:05.886Z [test] info: Request Cache Initialized...
2023-04-26T15:37:07.798Z [test] info: Protocol Server started on PORT : 5002
2023-04-26T15:37:07.799Z [test] info: Protocol Server Started Successfully
2023-04-26T15:37:07.799Z [test] info: Mode: BAP
2023-04-26T15:37:07.799Z [test] info: Gateway Type: NETWORK
2023-04-26T15:37:33.527Z [test] info: Mongo Client Connected For DB: ps
2023-04-26T15:37:33.588Z [test] info: MQ Client Connected For: 127.0.0.1
2023-04-26T15:37:33.597Z [test] info: Mongo Client Connected For DB: ps
2023-04-26T15:37:33.600Z [test] info: Redis Client Connected For DB: 11
2023-04-26T15:37:33.601Z [test] info: Lookup Cache Initialized...
2023-04-26T15:37:33.601Z [test] info: Redis Client Connected For DB: 12
2023-04-26T15:37:33.601Z [test] info: Request Cache Initialized...
2023-04-26T15:37:35.116Z [test] info: Protocol Server started on PORT : 5002
2023-04-26T15:37:35.116Z [test] info: Protocol Server Started Successfully
2023-04-26T15:37:35.116Z [test] info: Mode: BAP
2023-04-26T15:37:35.117Z [test] info: Gateway Type: NETWORK
2023-04-26T15:37:46.310Z [test] info: Protocol Network Server (Client Settler) recieving message from outbox queue
2023-04-26T15:37:46.311Z [test] info: request: {"context":{"domain":"dsep:courses","version":"1.0.0","action":"init","bap_id":"YASH-local-PS-BAP","bap_uri":"http://localhost:3010","bpp_id":"Yas-local-PS-BPP","bpp_uri":"http://localhost:3002","transaction_id":"a9aaecca-10b7-4d19-b640-b047a7c62196","message_id":"9bd94ede-059c-40f0-a348-03916954a7cf","ttl":"PT10M","timestamp":"2023-04-26T15:37:43.651Z"},"message":{"order":{"id":"order_123546876","provider":{"id":"BANK 1","descriptor":{"name":"BANK 1"}},"items":[{"id":"1","descriptor":{"name":"LOAN PRODUCT"},"price":{"currency":"INR","value":"121345"},"provider":{"id":"BANK 1"},"tags":[{"block":"string","district":"string","loan_tenure":"string","interest_rate":0,"processing_charges":0,"display":true}]}],"fulfillmentes":[{"id":"fulfillment_id","type":"fulfillment_type","provider_id":"BANK 1","tracking":true,"agent":{"name":"John Doe"},"customer":{"person":{"name":"Alex Copper","dob":"1980-01-01","gender":"MALE","creds":[{"type":"education qualification","id":"12th marksheet number","url":"http://drive.google.com/link_to_doc.pdf"},{"type":"ror","id":"ror doc identifaction numnber","url":"http://drive.google.com/link_to_ror.pdf"},{"type":"aadhar card","id":"aadhar number","url":"http://drive.google.com/link_to_aadhar.pdf"},{"type":"any other ID proof (PAN Card)","id":"PAN Card number","url":"http://drive.google.com/link_to_PAN.pdf"}],"tags":[{"descriptor":{"short_desc":"Personal details of the loan applicant"},"list":[{"father-name":"Michael Jordan","marital-status":"SINGLE","spouse_name":"NA","social_category":"OBC","religion":"HINDU"}]}]}}}],"billing":{"address":"123/45 Some Street, Great City"},"payment":{"id":"payment_id","collected_by":"farmer_name","params":{"bank_code":"ABCD12345"},"tags":[{"descriptor":{"short_desc":"Additonal bank details"},"list":[{"PACS":"BANK PACS NAME"}]}]},"tags":[{"descriptor":{"short_desc":"Additonal Order Details"},"list":[{"crop_type":"rabi","land_cultivation_area":"1234","permanent_address":"123/45 Some Street, Great City"}],"display":true}],"type":"DEFAULT"}}}
2023-04-26T15:37:46.315Z [test] info: 
Looking Up in registry...!

2023-04-26T15:37:46.527Z [test] info: subscribers: []
2023-04-26T15:37:46.534Z [test] error: BAP Request Failed at bapClientTriggerSettler
2023-04-26T15:40:21.093Z [test] info: Protocol Network Server (Client Settler) recieving message from outbox queue
2023-04-26T15:40:21.094Z [test] info: request: {"context":{"domain":"dsep:courses","version":"1.0.0","action":"init","bap_id":"YASH-local-PS-BAP","bap_uri":"http://localhost:3010","bpp_id":"bpp.dsep.samagra.io","bpp_uri":"http://localhost:3002","transaction_id":"a9aaecca-10b7-4d19-b640-b047a7c62196","message_id":"c46bc280-430c-4e5f-b6a3-0cb80c083136","ttl":"PT10M","timestamp":"2023-04-26T15:40:20.865Z"},"message":{"order":{"id":"order_123546876","provider":{"id":"BANK 1","descriptor":{"name":"BANK 1"}},"items":[{"id":"1","descriptor":{"name":"LOAN PRODUCT"},"price":{"currency":"INR","value":"121345"},"provider":{"id":"BANK 1"},"tags":[{"block":"string","district":"string","loan_tenure":"string","interest_rate":0,"processing_charges":0,"display":true}]}],"fulfillmentes":[{"id":"fulfillment_id","type":"fulfillment_type","provider_id":"BANK 1","tracking":true,"agent":{"name":"John Doe"},"customer":{"person":{"name":"Alex Copper","dob":"1980-01-01","gender":"MALE","creds":[{"type":"education qualification","id":"12th marksheet number","url":"http://drive.google.com/link_to_doc.pdf"},{"type":"ror","id":"ror doc identifaction numnber","url":"http://drive.google.com/link_to_ror.pdf"},{"type":"aadhar card","id":"aadhar number","url":"http://drive.google.com/link_to_aadhar.pdf"},{"type":"any other ID proof (PAN Card)","id":"PAN Card number","url":"http://drive.google.com/link_to_PAN.pdf"}],"tags":[{"descriptor":{"short_desc":"Personal details of the loan applicant"},"list":[{"father-name":"Michael Jordan","marital-status":"SINGLE","spouse_name":"NA","social_category":"OBC","religion":"HINDU"}]}]}}}],"billing":{"address":"123/45 Some Street, Great City"},"payment":{"id":"payment_id","collected_by":"farmer_name","params":{"bank_code":"ABCD12345"},"tags":[{"descriptor":{"short_desc":"Additonal bank details"},"list":[{"PACS":"BANK PACS NAME"}]}]},"tags":[{"descriptor":{"short_desc":"Additonal Order Details"},"list":[{"crop_type":"rabi","land_cultivation_area":"1234","permanent_address":"123/45 Some Street, Great City"}],"display":true}],"type":"DEFAULT"}}}
2023-04-26T15:40:21.095Z [test] info: 
Looking Up in registry...!

2023-04-26T15:40:21.233Z [test] info: subscribers: [{"subscriber_id":"bpp.dsep.samagra.io","subscriber_url":"https://bpp.dsep.samagra.io","type":"BPP","signing_public_key":"005HACiSQF6rhTT0rXUFQelbb/9cUZgxelLAvFbyGis=","valid_until":"2034-09-13T18:47:00.000Z"}]
2023-04-26T15:40:21.234Z [test] info: Attempt Number: 1 
Action : init
2023-04-26T15:40:21.234Z [test] info: sending request to BG / BPP: http://localhost:3002
2023-04-26T15:40:21.234Z [test] info: Request Body: {"context":{"domain":"dsep:courses","version":"1.0.0","action":"init","bap_id":"YASH-local-PS-BAP","bap_uri":"http://localhost:3010","bpp_id":"bpp.dsep.samagra.io","bpp_uri":"http://localhost:3002","transaction_id":"a9aaecca-10b7-4d19-b640-b047a7c62196","message_id":"c46bc280-430c-4e5f-b6a3-0cb80c083136","ttl":"PT10M","timestamp":"2023-04-26T15:40:20.865Z"},"message":{"order":{"id":"order_123546876","provider":{"id":"BANK 1","descriptor":{"name":"BANK 1"}},"items":[{"id":"1","descriptor":{"name":"LOAN PRODUCT"},"price":{"currency":"INR","value":"121345"},"provider":{"id":"BANK 1"},"tags":[{"block":"string","district":"string","loan_tenure":"string","interest_rate":0,"processing_charges":0,"display":true}]}],"fulfillmentes":[{"id":"fulfillment_id","type":"fulfillment_type","provider_id":"BANK 1","tracking":true,"agent":{"name":"John Doe"},"customer":{"person":{"name":"Alex Copper","dob":"1980-01-01","gender":"MALE","creds":[{"type":"education qualification","id":"12th marksheet number","url":"http://drive.google.com/link_to_doc.pdf"},{"type":"ror","id":"ror doc identifaction numnber","url":"http://drive.google.com/link_to_ror.pdf"},{"type":"aadhar card","id":"aadhar number","url":"http://drive.google.com/link_to_aadhar.pdf"},{"type":"any other ID proof (PAN Card)","id":"PAN Card number","url":"http://drive.google.com/link_to_PAN.pdf"}],"tags":[{"descriptor":{"short_desc":"Personal details of the loan applicant"},"list":[{"father-name":"Michael Jordan","marital-status":"SINGLE","spouse_name":"NA","social_category":"OBC","religion":"HINDU"}]}]}}}],"billing":{"address":"123/45 Some Street, Great City"},"payment":{"id":"payment_id","collected_by":"farmer_name","params":{"bank_code":"ABCD12345"},"tags":[{"descriptor":{"short_desc":"Additonal bank details"},"list":[{"PACS":"BANK PACS NAME"}]}]},"tags":[{"descriptor":{"short_desc":"Additonal Order Details"},"list":[{"crop_type":"rabi","land_cultivation_area":"1234","permanent_address":"123/45 Some Street, Great City"}],"display":true}],"type":"DEFAULT"}}}
2023-04-26T15:40:21.244Z [test] info: Result : Request Successful 
Status: 201 
Data : "" 
Subscriber URL: http://localhost:3002
2023-04-26T15:40:21.245Z [test] error: BAP Request Failed at bapClientTriggerSettler
2023-04-26T15:41:48.517Z [test] info: Mongo Client Connected For DB: ps
2023-04-26T15:41:48.573Z [test] info: MQ Client Connected For: 127.0.0.1
2023-04-26T15:41:48.581Z [test] info: Mongo Client Connected For DB: ps
2023-04-26T15:41:48.582Z [test] info: Redis Client Connected For DB: 11
2023-04-26T15:41:48.583Z [test] info: Lookup Cache Initialized...
2023-04-26T15:41:48.583Z [test] info: Redis Client Connected For DB: 12
2023-04-26T15:41:48.584Z [test] info: Request Cache Initialized...
2023-04-26T15:41:49.986Z [test] info: Protocol Server started on PORT : 5002
2023-04-26T15:41:49.987Z [test] info: Protocol Server Started Successfully
2023-04-26T15:41:49.987Z [test] info: Mode: BAP
2023-04-26T15:41:49.987Z [test] info: Gateway Type: NETWORK
2023-04-26T15:41:59.171Z [test] info: Protocol Network Server (Client Settler) recieving message from outbox queue
2023-04-26T15:41:59.171Z [test] info: request: {"context":{"domain":"dsep:courses","version":"1.0.0","action":"init","bap_id":"YASH-local-PS-BAP","bap_uri":"http://localhost:3010","bpp_id":"bpp.dsep.samagra.io","bpp_uri":"http://localhost:3002","transaction_id":"a9aaecca-10b7-4d19-b640-b047a7c62196","message_id":"32f4ccda-9fc3-48ce-a6ae-26f83b08fadf","ttl":"PT10M","timestamp":"2023-04-26T15:41:59.020Z"},"message":{"order":{"id":"order_123546876","provider":{"id":"BANK 1","descriptor":{"name":"BANK 1"}},"items":[{"id":"1","descriptor":{"name":"LOAN PRODUCT"},"price":{"currency":"INR","value":"121345"},"provider":{"id":"BANK 1"},"tags":[{"block":"string","district":"string","loan_tenure":"string","interest_rate":0,"processing_charges":0,"display":true}]}],"fulfillmentes":[{"id":"fulfillment_id","type":"fulfillment_type","provider_id":"BANK 1","tracking":true,"agent":{"name":"John Doe"},"customer":{"person":{"name":"Alex Copper","dob":"1980-01-01","gender":"MALE","creds":[{"type":"education qualification","id":"12th marksheet number","url":"http://drive.google.com/link_to_doc.pdf"},{"type":"ror","id":"ror doc identifaction numnber","url":"http://drive.google.com/link_to_ror.pdf"},{"type":"aadhar card","id":"aadhar number","url":"http://drive.google.com/link_to_aadhar.pdf"},{"type":"any other ID proof (PAN Card)","id":"PAN Card number","url":"http://drive.google.com/link_to_PAN.pdf"}],"tags":[{"descriptor":{"short_desc":"Personal details of the loan applicant"},"list":[{"father-name":"Michael Jordan","marital-status":"SINGLE","spouse_name":"NA","social_category":"OBC","religion":"HINDU"}]}]}}}],"billing":{"address":"123/45 Some Street, Great City"},"payment":{"id":"payment_id","collected_by":"farmer_name","params":{"bank_code":"ABCD12345"},"tags":[{"descriptor":{"short_desc":"Additonal bank details"},"list":[{"PACS":"BANK PACS NAME"}]}]},"tags":[{"descriptor":{"short_desc":"Additonal Order Details"},"list":[{"crop_type":"rabi","land_cultivation_area":"1234","permanent_address":"123/45 Some Street, Great City"}],"display":true}],"type":"DEFAULT"}}}
2023-04-26T15:41:59.174Z [test] info: 
Looking Up in registry...!

2023-04-26T15:41:59.352Z [test] info: subscribers: [{"subscriber_id":"bpp.dsep.samagra.io","subscriber_url":"https://bpp.dsep.samagra.io","type":"BPP","signing_public_key":"005HACiSQF6rhTT0rXUFQelbb/9cUZgxelLAvFbyGis=","valid_until":"2034-09-13T18:47:00.000Z"}]
2023-04-26T15:41:59.352Z [test] info: Attempt Number: 1 
Action : init
2023-04-26T15:41:59.352Z [test] info: sending request to BG / BPP: http://localhost:3002
2023-04-26T15:41:59.353Z [test] info: Request Body: {"context":{"domain":"dsep:courses","version":"1.0.0","action":"init","bap_id":"YASH-local-PS-BAP","bap_uri":"http://localhost:3010","bpp_id":"bpp.dsep.samagra.io","bpp_uri":"http://localhost:3002","transaction_id":"a9aaecca-10b7-4d19-b640-b047a7c62196","message_id":"32f4ccda-9fc3-48ce-a6ae-26f83b08fadf","ttl":"PT10M","timestamp":"2023-04-26T15:41:59.020Z"},"message":{"order":{"id":"order_123546876","provider":{"id":"BANK 1","descriptor":{"name":"BANK 1"}},"items":[{"id":"1","descriptor":{"name":"LOAN PRODUCT"},"price":{"currency":"INR","value":"121345"},"provider":{"id":"BANK 1"},"tags":[{"block":"string","district":"string","loan_tenure":"string","interest_rate":0,"processing_charges":0,"display":true}]}],"fulfillmentes":[{"id":"fulfillment_id","type":"fulfillment_type","provider_id":"BANK 1","tracking":true,"agent":{"name":"John Doe"},"customer":{"person":{"name":"Alex Copper","dob":"1980-01-01","gender":"MALE","creds":[{"type":"education qualification","id":"12th marksheet number","url":"http://drive.google.com/link_to_doc.pdf"},{"type":"ror","id":"ror doc identifaction numnber","url":"http://drive.google.com/link_to_ror.pdf"},{"type":"aadhar card","id":"aadhar number","url":"http://drive.google.com/link_to_aadhar.pdf"},{"type":"any other ID proof (PAN Card)","id":"PAN Card number","url":"http://drive.google.com/link_to_PAN.pdf"}],"tags":[{"descriptor":{"short_desc":"Personal details of the loan applicant"},"list":[{"father-name":"Michael Jordan","marital-status":"SINGLE","spouse_name":"NA","social_category":"OBC","religion":"HINDU"}]}]}}}],"billing":{"address":"123/45 Some Street, Great City"},"payment":{"id":"payment_id","collected_by":"farmer_name","params":{"bank_code":"ABCD12345"},"tags":[{"descriptor":{"short_desc":"Additonal bank details"},"list":[{"PACS":"BANK PACS NAME"}]}]},"tags":[{"descriptor":{"short_desc":"Additonal Order Details"},"list":[{"crop_type":"rabi","land_cultivation_area":"1234","permanent_address":"123/45 Some Street, Great City"}],"display":true}],"type":"DEFAULT"}}}
2023-04-26T15:41:59.364Z [test] info: Result : Request Successful 
Status: 201 
Data : "" 
Subscriber URL: http://localhost:3002
2023-04-26T15:41:59.366Z [test] error: BAP Request Failed at bapClientTriggerSettler
2023-04-26T15:42:33.158Z [test] info: Protocol Network Server (Client Settler) recieving message from outbox queue
2023-04-26T15:42:33.159Z [test] info: request: {"context":{"domain":"dsep:courses","version":"1.0.0","action":"init","bap_id":"YASH-local-PS-BAP","bap_uri":"http://localhost:3010","bpp_id":"bpp.dsep.samagra.io","bpp_uri":"http://localhost:3002","transaction_id":"a9aaecca-10b7-4d19-b640-b047a7c62196","message_id":"dc1c28cd-6e88-4c98-9f04-a33e746d28a5","ttl":"PT10M","timestamp":"2023-04-26T15:42:33.007Z"},"message":{"order":{"id":"order_123546876","provider":{"id":"BANK 1","descriptor":{"name":"BANK 1"}},"items":[{"id":"1","descriptor":{"name":"LOAN PRODUCT"},"price":{"currency":"INR","value":"121345"},"provider":{"id":"BANK 1"},"tags":[{"block":"string","district":"string","loan_tenure":"string","interest_rate":0,"processing_charges":0,"display":true}]}],"fulfillmentes":[{"id":"fulfillment_id","type":"fulfillment_type","provider_id":"BANK 1","tracking":true,"agent":{"name":"John Doe"},"customer":{"person":{"name":"Alex Copper","dob":"1980-01-01","gender":"MALE","creds":[{"type":"education qualification","id":"12th marksheet number","url":"http://drive.google.com/link_to_doc.pdf"},{"type":"ror","id":"ror doc identifaction numnber","url":"http://drive.google.com/link_to_ror.pdf"},{"type":"aadhar card","id":"aadhar number","url":"http://drive.google.com/link_to_aadhar.pdf"},{"type":"any other ID proof (PAN Card)","id":"PAN Card number","url":"http://drive.google.com/link_to_PAN.pdf"}],"tags":[{"descriptor":{"short_desc":"Personal details of the loan applicant"},"list":[{"father-name":"Michael Jordan","marital-status":"SINGLE","spouse_name":"NA","social_category":"OBC","religion":"HINDU"}]}]}}}],"billing":{"address":"123/45 Some Street, Great City"},"payment":{"id":"payment_id","collected_by":"farmer_name","params":{"bank_code":"ABCD12345"},"tags":[{"descriptor":{"short_desc":"Additonal bank details"},"list":[{"PACS":"BANK PACS NAME"}]}]},"tags":[{"descriptor":{"short_desc":"Additonal Order Details"},"list":[{"crop_type":"rabi","land_cultivation_area":"1234","permanent_address":"123/45 Some Street, Great City"}],"display":true}],"type":"DEFAULT"}}}
2023-04-26T15:42:33.160Z [test] info: 
Looking Up in registry...!

2023-04-26T15:42:33.304Z [test] info: subscribers: [{"subscriber_id":"bpp.dsep.samagra.io","subscriber_url":"https://bpp.dsep.samagra.io","type":"BPP","signing_public_key":"005HACiSQF6rhTT0rXUFQelbb/9cUZgxelLAvFbyGis=","valid_until":"2034-09-13T18:47:00.000Z"}]
2023-04-26T15:42:33.305Z [test] info: Attempt Number: 1 
Action : init
2023-04-26T15:42:33.305Z [test] info: sending request to BG / BPP: http://localhost:3002
2023-04-26T15:42:33.305Z [test] info: Request Body: {"context":{"domain":"dsep:courses","version":"1.0.0","action":"init","bap_id":"YASH-local-PS-BAP","bap_uri":"http://localhost:3010","bpp_id":"bpp.dsep.samagra.io","bpp_uri":"http://localhost:3002","transaction_id":"a9aaecca-10b7-4d19-b640-b047a7c62196","message_id":"dc1c28cd-6e88-4c98-9f04-a33e746d28a5","ttl":"PT10M","timestamp":"2023-04-26T15:42:33.007Z"},"message":{"order":{"id":"order_123546876","provider":{"id":"BANK 1","descriptor":{"name":"BANK 1"}},"items":[{"id":"1","descriptor":{"name":"LOAN PRODUCT"},"price":{"currency":"INR","value":"121345"},"provider":{"id":"BANK 1"},"tags":[{"block":"string","district":"string","loan_tenure":"string","interest_rate":0,"processing_charges":0,"display":true}]}],"fulfillmentes":[{"id":"fulfillment_id","type":"fulfillment_type","provider_id":"BANK 1","tracking":true,"agent":{"name":"John Doe"},"customer":{"person":{"name":"Alex Copper","dob":"1980-01-01","gender":"MALE","creds":[{"type":"education qualification","id":"12th marksheet number","url":"http://drive.google.com/link_to_doc.pdf"},{"type":"ror","id":"ror doc identifaction numnber","url":"http://drive.google.com/link_to_ror.pdf"},{"type":"aadhar card","id":"aadhar number","url":"http://drive.google.com/link_to_aadhar.pdf"},{"type":"any other ID proof (PAN Card)","id":"PAN Card number","url":"http://drive.google.com/link_to_PAN.pdf"}],"tags":[{"descriptor":{"short_desc":"Personal details of the loan applicant"},"list":[{"father-name":"Michael Jordan","marital-status":"SINGLE","spouse_name":"NA","social_category":"OBC","religion":"HINDU"}]}]}}}],"billing":{"address":"123/45 Some Street, Great City"},"payment":{"id":"payment_id","collected_by":"farmer_name","params":{"bank_code":"ABCD12345"},"tags":[{"descriptor":{"short_desc":"Additonal bank details"},"list":[{"PACS":"BANK PACS NAME"}]}]},"tags":[{"descriptor":{"short_desc":"Additonal Order Details"},"list":[{"crop_type":"rabi","land_cultivation_area":"1234","permanent_address":"123/45 Some Street, Great City"}],"display":true}],"type":"DEFAULT"}}}
2023-04-26T15:42:33.311Z [test] info: Result : Request Successful 
Status: 201 
Data : "" 
Subscriber URL: http://localhost:3002
2023-04-26T15:42:33.312Z [test] error: BAP Request Failed at bapClientTriggerSettler
2023-04-26T15:42:52.692Z [test] info: Protocol Network Server (Client Settler) recieving message from outbox queue
2023-04-26T15:42:52.696Z [test] info: request: {"context":{"domain":"dsep:courses","version":"1.0.0","action":"init","bap_id":"YASH-local-PS-BAP","bap_uri":"http://localhost:3010","bpp_id":"bpp.dsep.samagra.io","bpp_uri":"http://localhost:3002","transaction_id":"a9aaecca-10b7-4d19-b640-b047a7c62196","message_id":"0727d357-5021-4c96-a1b7-4482d8e90604","ttl":"PT10M","timestamp":"2023-04-26T15:42:52.546Z"},"message":{"order":{"id":"order_123546876","provider":{"id":"BANK 1","descriptor":{"name":"BANK 1"}},"items":[{"id":"1","descriptor":{"name":"LOAN PRODUCT"},"price":{"currency":"INR","value":"121345"},"provider":{"id":"BANK 1"},"tags":[{"block":"string","district":"string","loan_tenure":"string","interest_rate":0,"processing_charges":0,"display":true}]}],"fulfillmentes":[{"id":"fulfillment_id","type":"fulfillment_type","provider_id":"BANK 1","tracking":true,"agent":{"name":"John Doe"},"customer":{"person":{"name":"Alex Copper","dob":"1980-01-01","gender":"MALE","creds":[{"type":"education qualification","id":"12th marksheet number","url":"http://drive.google.com/link_to_doc.pdf"},{"type":"ror","id":"ror doc identifaction numnber","url":"http://drive.google.com/link_to_ror.pdf"},{"type":"aadhar card","id":"aadhar number","url":"http://drive.google.com/link_to_aadhar.pdf"},{"type":"any other ID proof (PAN Card)","id":"PAN Card number","url":"http://drive.google.com/link_to_PAN.pdf"}],"tags":[{"descriptor":{"short_desc":"Personal details of the loan applicant"},"list":[{"father-name":"Michael Jordan","marital-status":"SINGLE","spouse_name":"NA","social_category":"OBC","religion":"HINDU"}]}]}}}],"billing":{"address":"123/45 Some Street, Great City"},"payment":{"id":"payment_id","collected_by":"farmer_name","params":{"bank_code":"ABCD12345"},"tags":[{"descriptor":{"short_desc":"Additonal bank details"},"list":[{"PACS":"BANK PACS NAME"}]}]},"tags":[{"descriptor":{"short_desc":"Additonal Order Details"},"list":[{"crop_type":"rabi","land_cultivation_area":"1234","permanent_address":"123/45 Some Street, Great City"}],"display":true}],"type":"DEFAULT"}}}
2023-04-26T15:42:52.699Z [test] info: 
Looking Up in registry...!

2023-04-26T15:42:52.842Z [test] info: subscribers: [{"subscriber_id":"bpp.dsep.samagra.io","subscriber_url":"https://bpp.dsep.samagra.io","type":"BPP","signing_public_key":"005HACiSQF6rhTT0rXUFQelbb/9cUZgxelLAvFbyGis=","valid_until":"2034-09-13T18:47:00.000Z"}]
2023-04-26T15:42:52.842Z [test] info: Attempt Number: 1 
Action : init
2023-04-26T15:42:52.842Z [test] info: sending request to BG / BPP: http://localhost:3002
2023-04-26T15:42:52.843Z [test] info: Request Body: {"context":{"domain":"dsep:courses","version":"1.0.0","action":"init","bap_id":"YASH-local-PS-BAP","bap_uri":"http://localhost:3010","bpp_id":"bpp.dsep.samagra.io","bpp_uri":"http://localhost:3002","transaction_id":"a9aaecca-10b7-4d19-b640-b047a7c62196","message_id":"0727d357-5021-4c96-a1b7-4482d8e90604","ttl":"PT10M","timestamp":"2023-04-26T15:42:52.546Z"},"message":{"order":{"id":"order_123546876","provider":{"id":"BANK 1","descriptor":{"name":"BANK 1"}},"items":[{"id":"1","descriptor":{"name":"LOAN PRODUCT"},"price":{"currency":"INR","value":"121345"},"provider":{"id":"BANK 1"},"tags":[{"block":"string","district":"string","loan_tenure":"string","interest_rate":0,"processing_charges":0,"display":true}]}],"fulfillmentes":[{"id":"fulfillment_id","type":"fulfillment_type","provider_id":"BANK 1","tracking":true,"agent":{"name":"John Doe"},"customer":{"person":{"name":"Alex Copper","dob":"1980-01-01","gender":"MALE","creds":[{"type":"education qualification","id":"12th marksheet number","url":"http://drive.google.com/link_to_doc.pdf"},{"type":"ror","id":"ror doc identifaction numnber","url":"http://drive.google.com/link_to_ror.pdf"},{"type":"aadhar card","id":"aadhar number","url":"http://drive.google.com/link_to_aadhar.pdf"},{"type":"any other ID proof (PAN Card)","id":"PAN Card number","url":"http://drive.google.com/link_to_PAN.pdf"}],"tags":[{"descriptor":{"short_desc":"Personal details of the loan applicant"},"list":[{"father-name":"Michael Jordan","marital-status":"SINGLE","spouse_name":"NA","social_category":"OBC","religion":"HINDU"}]}]}}}],"billing":{"address":"123/45 Some Street, Great City"},"payment":{"id":"payment_id","collected_by":"farmer_name","params":{"bank_code":"ABCD12345"},"tags":[{"descriptor":{"short_desc":"Additonal bank details"},"list":[{"PACS":"BANK PACS NAME"}]}]},"tags":[{"descriptor":{"short_desc":"Additonal Order Details"},"list":[{"crop_type":"rabi","land_cultivation_area":"1234","permanent_address":"123/45 Some Street, Great City"}],"display":true}],"type":"DEFAULT"}}}
2023-04-26T15:42:52.856Z [test] info: Result : Request Successful 
Status: 201 
Data : "" 
Subscriber URL: http://localhost:3002
2023-04-26T15:42:52.857Z [test] error: BAP Request Failed at bapClientTriggerSettler
2023-04-26T15:43:57.039Z [test] info: Protocol Network Server (Client Settler) recieving message from outbox queue
2023-04-26T15:43:57.039Z [test] info: request: {"context":{"domain":"dsep:courses","version":"1.0.0","action":"init","bap_id":"YASH-local-PS-BAP","bap_uri":"https://eozedewgw0o120g.m.pipedream.net","bpp_id":"bpp.dsep.samagra.io","bpp_uri":"http://localhost:3002","transaction_id":"a9aaecca-10b7-4d19-b640-b047a7c62196","message_id":"265d3731-dab8-47d3-9cf6-d5ef6134bea6","ttl":"PT10M","timestamp":"2023-04-26T15:43:56.891Z"},"message":{"order":{"id":"order_123546876","provider":{"id":"BANK 1","descriptor":{"name":"BANK 1"}},"items":[{"id":"1","descriptor":{"name":"LOAN PRODUCT"},"price":{"currency":"INR","value":"121345"},"provider":{"id":"BANK 1"},"tags":[{"block":"string","district":"string","loan_tenure":"string","interest_rate":0,"processing_charges":0,"display":true}]}],"fulfillmentes":[{"id":"fulfillment_id","type":"fulfillment_type","provider_id":"BANK 1","tracking":true,"agent":{"name":"John Doe"},"customer":{"person":{"name":"Alex Copper","dob":"1980-01-01","gender":"MALE","creds":[{"type":"education qualification","id":"12th marksheet number","url":"http://drive.google.com/link_to_doc.pdf"},{"type":"ror","id":"ror doc identifaction numnber","url":"http://drive.google.com/link_to_ror.pdf"},{"type":"aadhar card","id":"aadhar number","url":"http://drive.google.com/link_to_aadhar.pdf"},{"type":"any other ID proof (PAN Card)","id":"PAN Card number","url":"http://drive.google.com/link_to_PAN.pdf"}],"tags":[{"descriptor":{"short_desc":"Personal details of the loan applicant"},"list":[{"father-name":"Michael Jordan","marital-status":"SINGLE","spouse_name":"NA","social_category":"OBC","religion":"HINDU"}]}]}}}],"billing":{"address":"123/45 Some Street, Great City"},"payment":{"id":"payment_id","collected_by":"farmer_name","params":{"bank_code":"ABCD12345"},"tags":[{"descriptor":{"short_desc":"Additonal bank details"},"list":[{"PACS":"BANK PACS NAME"}]}]},"tags":[{"descriptor":{"short_desc":"Additonal Order Details"},"list":[{"crop_type":"rabi","land_cultivation_area":"1234","permanent_address":"123/45 Some Street, Great City"}],"display":true}],"type":"DEFAULT"}}}
2023-04-26T15:43:57.041Z [test] info: 
Looking Up in registry...!

2023-04-26T15:43:57.190Z [test] info: subscribers: [{"subscriber_id":"bpp.dsep.samagra.io","subscriber_url":"https://bpp.dsep.samagra.io","type":"BPP","signing_public_key":"005HACiSQF6rhTT0rXUFQelbb/9cUZgxelLAvFbyGis=","valid_until":"2034-09-13T18:47:00.000Z"}]
2023-04-26T15:43:57.191Z [test] info: Attempt Number: 1 
Action : init
2023-04-26T15:43:57.191Z [test] info: sending request to BG / BPP: http://localhost:3002
2023-04-26T15:43:57.191Z [test] info: Request Body: {"context":{"domain":"dsep:courses","version":"1.0.0","action":"init","bap_id":"YASH-local-PS-BAP","bap_uri":"https://eozedewgw0o120g.m.pipedream.net","bpp_id":"bpp.dsep.samagra.io","bpp_uri":"http://localhost:3002","transaction_id":"a9aaecca-10b7-4d19-b640-b047a7c62196","message_id":"265d3731-dab8-47d3-9cf6-d5ef6134bea6","ttl":"PT10M","timestamp":"2023-04-26T15:43:56.891Z"},"message":{"order":{"id":"order_123546876","provider":{"id":"BANK 1","descriptor":{"name":"BANK 1"}},"items":[{"id":"1","descriptor":{"name":"LOAN PRODUCT"},"price":{"currency":"INR","value":"121345"},"provider":{"id":"BANK 1"},"tags":[{"block":"string","district":"string","loan_tenure":"string","interest_rate":0,"processing_charges":0,"display":true}]}],"fulfillmentes":[{"id":"fulfillment_id","type":"fulfillment_type","provider_id":"BANK 1","tracking":true,"agent":{"name":"John Doe"},"customer":{"person":{"name":"Alex Copper","dob":"1980-01-01","gender":"MALE","creds":[{"type":"education qualification","id":"12th marksheet number","url":"http://drive.google.com/link_to_doc.pdf"},{"type":"ror","id":"ror doc identifaction numnber","url":"http://drive.google.com/link_to_ror.pdf"},{"type":"aadhar card","id":"aadhar number","url":"http://drive.google.com/link_to_aadhar.pdf"},{"type":"any other ID proof (PAN Card)","id":"PAN Card number","url":"http://drive.google.com/link_to_PAN.pdf"}],"tags":[{"descriptor":{"short_desc":"Personal details of the loan applicant"},"list":[{"father-name":"Michael Jordan","marital-status":"SINGLE","spouse_name":"NA","social_category":"OBC","religion":"HINDU"}]}]}}}],"billing":{"address":"123/45 Some Street, Great City"},"payment":{"id":"payment_id","collected_by":"farmer_name","params":{"bank_code":"ABCD12345"},"tags":[{"descriptor":{"short_desc":"Additonal bank details"},"list":[{"PACS":"BANK PACS NAME"}]}]},"tags":[{"descriptor":{"short_desc":"Additonal Order Details"},"list":[{"crop_type":"rabi","land_cultivation_area":"1234","permanent_address":"123/45 Some Street, Great City"}],"display":true}],"type":"DEFAULT"}}}
2023-04-26T15:43:58.811Z [test] info: Result : Request Successful 
Status: 201 
Data : "" 
Subscriber URL: http://localhost:3002
2023-04-26T15:43:58.811Z [test] error: BAP Request Failed at bapClientTriggerSettler
2023-04-26T15:45:54.891Z [test] info: Mongo Client Connected For DB: ps
2023-04-26T15:45:54.957Z [test] info: MQ Client Connected For: 127.0.0.1
2023-04-26T15:45:54.971Z [test] info: Mongo Client Connected For DB: ps
2023-04-26T15:45:54.973Z [test] info: Redis Client Connected For DB: 11
2023-04-26T15:45:54.974Z [test] info: Lookup Cache Initialized...
2023-04-26T15:45:54.974Z [test] info: Redis Client Connected For DB: 12
2023-04-26T15:45:54.974Z [test] info: Request Cache Initialized...
2023-04-26T15:45:56.506Z [test] info: Protocol Server started on PORT : 5002
2023-04-26T15:45:56.507Z [test] info: Protocol Server Started Successfully
2023-04-26T15:45:56.507Z [test] info: Mode: BAP
2023-04-26T15:45:56.507Z [test] info: Gateway Type: NETWORK
2023-04-26T15:46:05.000Z [test] info: Protocol Network Server (Client Settler) recieving message from outbox queue
2023-04-26T15:46:05.002Z [test] info: request: {"context":{"domain":"dsep:courses","version":"1.0.0","action":"init","bap_id":"YASH-local-PS-BAP","bap_uri":"https://eozedewgw0o120g.m.pipedream.net","bpp_id":"bpp.dsep.samagra.io","bpp_uri":"http://localhost:3002","transaction_id":"a9aaecca-10b7-4d19-b640-b047a7c62196","message_id":"c900de23-0d6d-4e69-b6a7-a2bb5b2c80c8","ttl":"PT10M","timestamp":"2023-04-26T15:46:02.126Z"},"message":{"order":{"id":"order_123546876","provider":{"id":"BANK 1","descriptor":{"name":"BANK 1"}},"items":[{"id":"1","descriptor":{"name":"LOAN PRODUCT"},"price":{"currency":"INR","value":"121345"},"provider":{"id":"BANK 1"},"tags":[{"block":"string","district":"string","loan_tenure":"string","interest_rate":0,"processing_charges":0,"display":true}]}],"fulfillmentes":[{"id":"fulfillment_id","type":"fulfillment_type","provider_id":"BANK 1","tracking":true,"agent":{"name":"John Doe"},"customer":{"person":{"name":"Alex Copper","dob":"1980-01-01","gender":"MALE","creds":[{"type":"education qualification","id":"12th marksheet number","url":"http://drive.google.com/link_to_doc.pdf"},{"type":"ror","id":"ror doc identifaction numnber","url":"http://drive.google.com/link_to_ror.pdf"},{"type":"aadhar card","id":"aadhar number","url":"http://drive.google.com/link_to_aadhar.pdf"},{"type":"any other ID proof (PAN Card)","id":"PAN Card number","url":"http://drive.google.com/link_to_PAN.pdf"}],"tags":[{"descriptor":{"short_desc":"Personal details of the loan applicant"},"list":[{"father-name":"Michael Jordan","marital-status":"SINGLE","spouse_name":"NA","social_category":"OBC","religion":"HINDU"}]}]}}}],"billing":{"address":"123/45 Some Street, Great City"},"payment":{"id":"payment_id","collected_by":"farmer_name","params":{"bank_code":"ABCD12345"},"tags":[{"descriptor":{"short_desc":"Additonal bank details"},"list":[{"PACS":"BANK PACS NAME"}]}]},"tags":[{"descriptor":{"short_desc":"Additonal Order Details"},"list":[{"crop_type":"rabi","land_cultivation_area":"1234","permanent_address":"123/45 Some Street, Great City"}],"display":true}],"type":"DEFAULT"}}}
2023-04-26T15:46:05.006Z [test] info: 
Looking Up in registry...!

2023-04-26T15:46:05.193Z [test] info: subscribers: [{"subscriber_id":"bpp.dsep.samagra.io","subscriber_url":"https://bpp.dsep.samagra.io","type":"BPP","signing_public_key":"005HACiSQF6rhTT0rXUFQelbb/9cUZgxelLAvFbyGis=","valid_until":"2034-09-13T18:47:00.000Z"}]
2023-04-26T15:46:05.194Z [test] info: Attempt Number: 1 
Action : init
2023-04-26T15:46:05.194Z [test] info: sending request to BG / BPP: http://localhost:3002
2023-04-26T15:46:05.194Z [test] info: Request Body: {"context":{"domain":"dsep:courses","version":"1.0.0","action":"init","bap_id":"YASH-local-PS-BAP","bap_uri":"https://eozedewgw0o120g.m.pipedream.net","bpp_id":"bpp.dsep.samagra.io","bpp_uri":"http://localhost:3002","transaction_id":"a9aaecca-10b7-4d19-b640-b047a7c62196","message_id":"c900de23-0d6d-4e69-b6a7-a2bb5b2c80c8","ttl":"PT10M","timestamp":"2023-04-26T15:46:02.126Z"},"message":{"order":{"id":"order_123546876","provider":{"id":"BANK 1","descriptor":{"name":"BANK 1"}},"items":[{"id":"1","descriptor":{"name":"LOAN PRODUCT"},"price":{"currency":"INR","value":"121345"},"provider":{"id":"BANK 1"},"tags":[{"block":"string","district":"string","loan_tenure":"string","interest_rate":0,"processing_charges":0,"display":true}]}],"fulfillmentes":[{"id":"fulfillment_id","type":"fulfillment_type","provider_id":"BANK 1","tracking":true,"agent":{"name":"John Doe"},"customer":{"person":{"name":"Alex Copper","dob":"1980-01-01","gender":"MALE","creds":[{"type":"education qualification","id":"12th marksheet number","url":"http://drive.google.com/link_to_doc.pdf"},{"type":"ror","id":"ror doc identifaction numnber","url":"http://drive.google.com/link_to_ror.pdf"},{"type":"aadhar card","id":"aadhar number","url":"http://drive.google.com/link_to_aadhar.pdf"},{"type":"any other ID proof (PAN Card)","id":"PAN Card number","url":"http://drive.google.com/link_to_PAN.pdf"}],"tags":[{"descriptor":{"short_desc":"Personal details of the loan applicant"},"list":[{"father-name":"Michael Jordan","marital-status":"SINGLE","spouse_name":"NA","social_category":"OBC","religion":"HINDU"}]}]}}}],"billing":{"address":"123/45 Some Street, Great City"},"payment":{"id":"payment_id","collected_by":"farmer_name","params":{"bank_code":"ABCD12345"},"tags":[{"descriptor":{"short_desc":"Additonal bank details"},"list":[{"PACS":"BANK PACS NAME"}]}]},"tags":[{"descriptor":{"short_desc":"Additonal Order Details"},"list":[{"crop_type":"rabi","land_cultivation_area":"1234","permanent_address":"123/45 Some Street, Great City"}],"display":true}],"type":"DEFAULT"}}}
2023-04-26T15:46:06.798Z [test] info: Result : Request Successful 
Status: 201 
Data : "" 
Subscriber URL: http://localhost:3002
2023-04-26T15:46:06.829Z [test] error: BAP Request Failed at bapClientTriggerSettler
2023-04-26T15:47:21.938Z [test] info: Mongo Client Connected For DB: ps
2023-04-26T15:47:21.996Z [test] info: MQ Client Connected For: 127.0.0.1
2023-04-26T15:47:22.007Z [test] info: Mongo Client Connected For DB: ps
2023-04-26T15:47:22.009Z [test] info: Redis Client Connected For DB: 11
2023-04-26T15:47:22.010Z [test] info: Lookup Cache Initialized...
2023-04-26T15:47:22.010Z [test] info: Redis Client Connected For DB: 12
2023-04-26T15:47:22.011Z [test] info: Request Cache Initialized...
2023-04-26T15:47:23.650Z [test] info: Protocol Server started on PORT : 5002
2023-04-26T15:47:23.651Z [test] info: Protocol Server Started Successfully
2023-04-26T15:47:23.651Z [test] info: Mode: BAP
2023-04-26T15:47:23.651Z [test] info: Gateway Type: NETWORK
2023-04-26T15:47:46.167Z [test] info: Protocol Network Server (Client Settler) recieving message from outbox queue
2023-04-26T15:47:46.167Z [test] info: request: {"context":{"domain":"dsep:courses","version":"1.0.0","action":"init","bap_id":"YASH-local-PS-BAP","bap_uri":"https://eozedewgw0o120g.m.pipedream.net","bpp_id":"bpp.dsep.samagra.io","bpp_uri":"http://localhost:3002","transaction_id":"a9aaecca-10b7-4d19-b640-b047a7c62196","message_id":"170239ab-faea-4219-80a6-7ac24320d4b2","ttl":"PT10M","timestamp":"2023-04-26T15:47:43.545Z"},"message":{"order":{"id":"order_123546876","provider":{"id":"BANK 1","descriptor":{"name":"BANK 1"}},"items":[{"id":"1","descriptor":{"name":"LOAN PRODUCT"},"price":{"currency":"INR","value":"121345"},"provider":{"id":"BANK 1"},"tags":[{"block":"string","district":"string","loan_tenure":"string","interest_rate":0,"processing_charges":0,"display":true}]}],"fulfillmentes":[{"id":"fulfillment_id","type":"fulfillment_type","provider_id":"BANK 1","tracking":true,"agent":{"name":"John Doe"},"customer":{"person":{"name":"Alex Copper","dob":"1980-01-01","gender":"MALE","creds":[{"type":"education qualification","id":"12th marksheet number","url":"http://drive.google.com/link_to_doc.pdf"},{"type":"ror","id":"ror doc identifaction numnber","url":"http://drive.google.com/link_to_ror.pdf"},{"type":"aadhar card","id":"aadhar number","url":"http://drive.google.com/link_to_aadhar.pdf"},{"type":"any other ID proof (PAN Card)","id":"PAN Card number","url":"http://drive.google.com/link_to_PAN.pdf"}],"tags":[{"descriptor":{"short_desc":"Personal details of the loan applicant"},"list":[{"father-name":"Michael Jordan","marital-status":"SINGLE","spouse_name":"NA","social_category":"OBC","religion":"HINDU"}]}]}}}],"billing":{"address":"123/45 Some Street, Great City"},"payment":{"id":"payment_id","collected_by":"farmer_name","params":{"bank_code":"ABCD12345"},"tags":[{"descriptor":{"short_desc":"Additonal bank details"},"list":[{"PACS":"BANK PACS NAME"}]}]},"tags":[{"descriptor":{"short_desc":"Additonal Order Details"},"list":[{"crop_type":"rabi","land_cultivation_area":"1234","permanent_address":"123/45 Some Street, Great City"}],"display":true}],"type":"DEFAULT"}}}
2023-04-26T15:47:46.172Z [test] info: returning response from cache
2023-04-26T15:47:46.172Z [test] info: cachedResponse: [{"subscriber_id":"bpp.dsep.samagra.io","subscriber_url":"https://bpp.dsep.samagra.io","type":"BPP","signing_public_key":"005HACiSQF6rhTT0rXUFQelbb/9cUZgxelLAvFbyGis=","valid_until":"2034-09-13T18:47:00.000Z"}]
2023-04-26T15:47:46.173Z [test] info: Attempt Number: 1 
Action : init
2023-04-26T15:47:46.173Z [test] info: sending request to BG / BPP: http://localhost:3002
2023-04-26T15:47:46.173Z [test] info: Request Body: {"context":{"domain":"dsep:courses","version":"1.0.0","action":"init","bap_id":"YASH-local-PS-BAP","bap_uri":"https://eozedewgw0o120g.m.pipedream.net","bpp_id":"bpp.dsep.samagra.io","bpp_uri":"http://localhost:3002","transaction_id":"a9aaecca-10b7-4d19-b640-b047a7c62196","message_id":"170239ab-faea-4219-80a6-7ac24320d4b2","ttl":"PT10M","timestamp":"2023-04-26T15:47:43.545Z"},"message":{"order":{"id":"order_123546876","provider":{"id":"BANK 1","descriptor":{"name":"BANK 1"}},"items":[{"id":"1","descriptor":{"name":"LOAN PRODUCT"},"price":{"currency":"INR","value":"121345"},"provider":{"id":"BANK 1"},"tags":[{"block":"string","district":"string","loan_tenure":"string","interest_rate":0,"processing_charges":0,"display":true}]}],"fulfillmentes":[{"id":"fulfillment_id","type":"fulfillment_type","provider_id":"BANK 1","tracking":true,"agent":{"name":"John Doe"},"customer":{"person":{"name":"Alex Copper","dob":"1980-01-01","gender":"MALE","creds":[{"type":"education qualification","id":"12th marksheet number","url":"http://drive.google.com/link_to_doc.pdf"},{"type":"ror","id":"ror doc identifaction numnber","url":"http://drive.google.com/link_to_ror.pdf"},{"type":"aadhar card","id":"aadhar number","url":"http://drive.google.com/link_to_aadhar.pdf"},{"type":"any other ID proof (PAN Card)","id":"PAN Card number","url":"http://drive.google.com/link_to_PAN.pdf"}],"tags":[{"descriptor":{"short_desc":"Personal details of the loan applicant"},"list":[{"father-name":"Michael Jordan","marital-status":"SINGLE","spouse_name":"NA","social_category":"OBC","religion":"HINDU"}]}]}}}],"billing":{"address":"123/45 Some Street, Great City"},"payment":{"id":"payment_id","collected_by":"farmer_name","params":{"bank_code":"ABCD12345"},"tags":[{"descriptor":{"short_desc":"Additonal bank details"},"list":[{"PACS":"BANK PACS NAME"}]}]},"tags":[{"descriptor":{"short_desc":"Additonal Order Details"},"list":[{"crop_type":"rabi","land_cultivation_area":"1234","permanent_address":"123/45 Some Street, Great City"}],"display":true}],"type":"DEFAULT"}}}
2023-04-26T15:47:47.214Z [test] info: Result : Request Successful 
Status: 201 
Data : "" 
Subscriber URL: http://localhost:3002
2023-04-26T15:47:47.241Z [test] error: BAP Request Failed at bapClientTriggerSettler
2023-04-26T15:50:05.131Z [test] info: Protocol Network Server (Client Settler) recieving message from outbox queue
2023-04-26T15:50:05.135Z [test] info: request: {"context":{"domain":"dsep:courses","version":"1.0.0","action":"init","bap_id":"YASH-local-PS-BAP","bap_uri":"https://eozedewgw0o120g.m.pipedream.net","bpp_id":"bpp.dsep.samagra.io","bpp_uri":"http://localhost:3002","transaction_id":"a9aaecca-10b7-4d19-b640-b047a7c62196","message_id":"0482a38f-90c5-43f2-82e2-8b5bb804e0ce","ttl":"PT10M","timestamp":"2023-04-26T15:50:05.123Z"},"message":{"order":{"id":"order_123546876","provider":{"id":"BANK 1","descriptor":{"name":"BANK 1"}},"items":[{"id":"1","descriptor":{"name":"LOAN PRODUCT"},"price":{"currency":"INR","value":"121345"},"provider":{"id":"BANK 1"},"tags":[{"block":"string","district":"string","loan_tenure":"string","interest_rate":0,"processing_charges":0,"display":true}]}],"fulfillmentes":[{"id":"fulfillment_id","type":"fulfillment_type","provider_id":"BANK 1","tracking":true,"agent":{"name":"John Doe"},"customer":{"person":{"name":"Alex Copper","dob":"1980-01-01","gender":"MALE","creds":[{"type":"education qualification","id":"12th marksheet number","url":"http://drive.google.com/link_to_doc.pdf"},{"type":"ror","id":"ror doc identifaction numnber","url":"http://drive.google.com/link_to_ror.pdf"},{"type":"aadhar card","id":"aadhar number","url":"http://drive.google.com/link_to_aadhar.pdf"},{"type":"any other ID proof (PAN Card)","id":"PAN Card number","url":"http://drive.google.com/link_to_PAN.pdf"}],"tags":[{"descriptor":{"short_desc":"Personal details of the loan applicant"},"list":[{"father-name":"Michael Jordan","marital-status":"SINGLE","spouse_name":"NA","social_category":"OBC","religion":"HINDU"}]}]}}}],"billing":{"address":"123/45 Some Street, Great City"},"payment":{"id":"payment_id","collected_by":"farmer_name","params":{"bank_code":"ABCD12345"},"tags":[{"descriptor":{"short_desc":"Additonal bank details"},"list":[{"PACS":"BANK PACS NAME"}]}]},"tags":[{"descriptor":{"short_desc":"Additonal Order Details"},"list":[{"crop_type":"rabi","land_cultivation_area":"1234","permanent_address":"123/45 Some Street, Great City"}],"display":true}],"type":"DEFAULT"}}}
2023-04-26T15:50:05.137Z [test] info: returning response from cache
2023-04-26T15:50:05.137Z [test] info: cachedResponse: [{"subscriber_id":"bpp.dsep.samagra.io","subscriber_url":"https://bpp.dsep.samagra.io","type":"BPP","signing_public_key":"005HACiSQF6rhTT0rXUFQelbb/9cUZgxelLAvFbyGis=","valid_until":"2034-09-13T18:47:00.000Z"}]
2023-04-26T15:50:05.137Z [test] info: Attempt Number: 1 
Action : init
2023-04-26T15:50:05.137Z [test] info: sending request to BG / BPP: http://localhost:3002
2023-04-26T15:50:05.137Z [test] info: Request Body: {"context":{"domain":"dsep:courses","version":"1.0.0","action":"init","bap_id":"YASH-local-PS-BAP","bap_uri":"https://eozedewgw0o120g.m.pipedream.net","bpp_id":"bpp.dsep.samagra.io","bpp_uri":"http://localhost:3002","transaction_id":"a9aaecca-10b7-4d19-b640-b047a7c62196","message_id":"0482a38f-90c5-43f2-82e2-8b5bb804e0ce","ttl":"PT10M","timestamp":"2023-04-26T15:50:05.123Z"},"message":{"order":{"id":"order_123546876","provider":{"id":"BANK 1","descriptor":{"name":"BANK 1"}},"items":[{"id":"1","descriptor":{"name":"LOAN PRODUCT"},"price":{"currency":"INR","value":"121345"},"provider":{"id":"BANK 1"},"tags":[{"block":"string","district":"string","loan_tenure":"string","interest_rate":0,"processing_charges":0,"display":true}]}],"fulfillmentes":[{"id":"fulfillment_id","type":"fulfillment_type","provider_id":"BANK 1","tracking":true,"agent":{"name":"John Doe"},"customer":{"person":{"name":"Alex Copper","dob":"1980-01-01","gender":"MALE","creds":[{"type":"education qualification","id":"12th marksheet number","url":"http://drive.google.com/link_to_doc.pdf"},{"type":"ror","id":"ror doc identifaction numnber","url":"http://drive.google.com/link_to_ror.pdf"},{"type":"aadhar card","id":"aadhar number","url":"http://drive.google.com/link_to_aadhar.pdf"},{"type":"any other ID proof (PAN Card)","id":"PAN Card number","url":"http://drive.google.com/link_to_PAN.pdf"}],"tags":[{"descriptor":{"short_desc":"Personal details of the loan applicant"},"list":[{"father-name":"Michael Jordan","marital-status":"SINGLE","spouse_name":"NA","social_category":"OBC","religion":"HINDU"}]}]}}}],"billing":{"address":"123/45 Some Street, Great City"},"payment":{"id":"payment_id","collected_by":"farmer_name","params":{"bank_code":"ABCD12345"},"tags":[{"descriptor":{"short_desc":"Additonal bank details"},"list":[{"PACS":"BANK PACS NAME"}]}]},"tags":[{"descriptor":{"short_desc":"Additonal Order Details"},"list":[{"crop_type":"rabi","land_cultivation_area":"1234","permanent_address":"123/45 Some Street, Great City"}],"display":true}],"type":"DEFAULT"}}}
2023-04-26T15:50:06.197Z [test] info: Result : Request Successful 
Status: 201 
Data : "" 
Subscriber URL: http://localhost:3002
2023-04-26T15:50:06.202Z [test] error: BAP Request Failed at bapClientTriggerSettler
2023-04-26T15:52:23.746Z [test] info: Protocol Network Server (Client Settler) recieving message from outbox queue
2023-04-26T15:52:23.746Z [test] info: request: {"context":{"domain":"dsep:courses","version":"1.0.0","action":"search","bap_id":"YASH-local-PS-BAP","bap_uri":"https://eozedewgw0o120g.m.pipedream.net","bpp_id":"bpp.dsep.samagra.io","bpp_uri":"http://localhost:3002","transaction_id":"a9aaecca-10b7-4d19-b640-b047a7c62196","message_id":"8eda4091-fb93-4a7e-97ee-d4e17f5c4943","ttl":"PT10M","timestamp":"2023-04-26T15:52:22.459Z"},"message":{"intent":{"tags":[{"block":"","district":"","bank_name":"","display":true}]}}}
2023-04-26T15:52:23.748Z [test] info: returning response from cache
2023-04-26T15:52:23.748Z [test] info: cachedResponse: [{"subscriber_id":"bpp.dsep.samagra.io","subscriber_url":"https://bpp.dsep.samagra.io","type":"BPP","signing_public_key":"005HACiSQF6rhTT0rXUFQelbb/9cUZgxelLAvFbyGis=","valid_until":"2034-09-13T18:47:00.000Z"}]
2023-04-26T15:52:23.748Z [test] info: Attempt Number: 1 
Action : search
2023-04-26T15:52:23.748Z [test] info: sending request to BG / BPP: http://localhost:3002
2023-04-26T15:52:23.748Z [test] info: Request Body: {"context":{"domain":"dsep:courses","version":"1.0.0","action":"search","bap_id":"YASH-local-PS-BAP","bap_uri":"https://eozedewgw0o120g.m.pipedream.net","bpp_id":"bpp.dsep.samagra.io","bpp_uri":"http://localhost:3002","transaction_id":"a9aaecca-10b7-4d19-b640-b047a7c62196","message_id":"8eda4091-fb93-4a7e-97ee-d4e17f5c4943","ttl":"PT10M","timestamp":"2023-04-26T15:52:22.459Z"},"message":{"intent":{"tags":[{"block":"","district":"","bank_name":"","display":true}]}}}
2023-04-26T15:52:23.752Z [test] info: Result : Request Successful 
Status: 201 
Data : {"message":{"ack":{"status":"ACK"}}} 
Subscriber URL: http://localhost:3002
2023-04-26T15:52:23.753Z [test] error: BAP Request Failed at bapClientTriggerSettler
2023-04-26T15:53:27.159Z [test] info: Protocol Network Server (Client Settler) recieving message from outbox queue
2023-04-26T15:53:27.159Z [test] info: request: {"context":{"domain":"dsep:courses","version":"1.0.0","action":"search","bap_id":"YASH-local-PS-BAP","bap_uri":"https://eozedewgw0o120g.m.pipedream.net","bpp_id":"bpp.dsep.samagra.io","bpp_uri":"http://localhost:3002","transaction_id":"a9aaecca-10b7-4d19-b640-b047a7c62196","message_id":"e18e3d9d-46e9-4451-8798-56ab9f27c707","ttl":"PT10M","timestamp":"2023-04-26T15:53:27.148Z"},"message":{"intent":{"tags":[{"block":"","district":"","bank_name":"","display":true}]}}}
2023-04-26T15:53:27.161Z [test] info: returning response from cache
2023-04-26T15:53:27.161Z [test] info: cachedResponse: [{"subscriber_id":"bpp.dsep.samagra.io","subscriber_url":"https://bpp.dsep.samagra.io","type":"BPP","signing_public_key":"005HACiSQF6rhTT0rXUFQelbb/9cUZgxelLAvFbyGis=","valid_until":"2034-09-13T18:47:00.000Z"}]
2023-04-26T15:53:27.162Z [test] info: Attempt Number: 1 
Action : search
2023-04-26T15:53:27.162Z [test] info: sending request to BG / BPP: http://localhost:3002
2023-04-26T15:53:27.162Z [test] info: Request Body: {"context":{"domain":"dsep:courses","version":"1.0.0","action":"search","bap_id":"YASH-local-PS-BAP","bap_uri":"https://eozedewgw0o120g.m.pipedream.net","bpp_id":"bpp.dsep.samagra.io","bpp_uri":"http://localhost:3002","transaction_id":"a9aaecca-10b7-4d19-b640-b047a7c62196","message_id":"e18e3d9d-46e9-4451-8798-56ab9f27c707","ttl":"PT10M","timestamp":"2023-04-26T15:53:27.148Z"},"message":{"intent":{"tags":[{"block":"","district":"","bank_name":"","display":true}]}}}
2023-04-26T15:53:27.166Z [test] info: Result : Request Successful 
Status: 201 
Data : {"message":{"ack":{"status":"ACK"}}} 
Subscriber URL: http://localhost:3002
2023-04-26T15:53:27.167Z [test] error: BAP Request Failed at bapClientTriggerSettler
2023-04-26T15:56:04.637Z [test] info: 
New Request txn_id a9aaecca-10b7-4d19-b640-b047a7c62196
2023-04-26T15:56:04.637Z [test] info: Response from BPP {"context":{"domain":"dsep:courses","action":"on_init","version":"1.0.0","bap_id":"YASH-local-PS-BAP","bap_uri":"https://eozedewgw0o120g.m.pipedream.net","bpp_id":"bpp.dsep.samagra.io","bpp_uri":"http://localhost:3002","transaction_id":"a9aaecca-10b7-4d19-b640-b047a7c62196","message_id":"$bb579fb8-cb82-4824-be12-fcbc405b6608","timestamp":"2022-12-12T09:55:41.161Z","ttl":"PT10M"},"message":{"order":{"id":"order_123546876","provider":{"id":"BANK 1","descriptor":{"name":"BANK 1"}},"items":[{"id":"1","descriptor":{"name":"LOAN PRODUCT"},"price":{"currency":"INR","value":"121345"},"provider":{"id":"BANK 1"},"tags":[{"block":"string","district":"string","loan_tenure":"string","interest_rate":0,"processing_charges":0}]}],"fulfillmentes":[{"id":"fulfillment_id","type":"fulfillment_type","provider_id":"BANK 1","tracking":true,"agent":{"name":"John Doe"},"customer":{"person":{"name":"Alex Copper","dob":"1980-01-01","gender":"MALE","creds":[{"type":"education qualification","id":"12th marksheet number","url":"http://drive.google.com/link_to_doc.pdf"},{"type":"ror","id":"ror doc identifaction numnber","url":"http://drive.google.com/link_to_ror.pdf"},{"type":"aadhar card","id":"aadhar number","url":"http://drive.google.com/link_to_aadhar.pdf"},{"type":"any other ID proof (PAN Card)","id":"PAN Card number","url":"http://drive.google.com/link_to_PAN.pdf"}],"tags":[{"descriptor":{"short_desc":"Personal details of the loan applicant"},"list":[{"father-name":"Michael Jordan","marital-status":"SINGLE","spouse_name":"NA","social_category":"OBC","religion":"HINDU"}]}]}}}],"billing":{"address":"123/45 Some Street, Great City"},"payment":{"id":"payment_id","collected_by":"farmer_name","params":{"bank_code":"ABCD12345"},"tags":[{"descriptor":{"short_desc":"Additonal bank details"},"list":[{"PACS":"BANK PACS NAME"}]}]},"tags":[{"descriptor":{"short_desc":"Additonal Order Details"},"list":[{"crop_type":"rabi","land_cultivation_area":"1234","permanent_address":"123/45 Some Street, Great City"}]}]}}}
2023-04-26T15:56:04.639Z [test] info: Header recieved from bpp: ""
2023-04-26T15:56:04.639Z [test] error: Header parsing failed
2023-04-26T15:56:30.788Z [test] info: 
New Request txn_id a9aaecca-10b7-4d19-b640-b047a7c62196
2023-04-26T15:56:30.788Z [test] info: Response from BPP {"context":{"domain":"dsep:courses","action":"on_init","version":"1.0.0","bap_id":"YASH-local-PS-BAP","bap_uri":"https://eozedewgw0o120g.m.pipedream.net","bpp_id":"bpp.dsep.samagra.io","bpp_uri":"http://localhost:3002","transaction_id":"a9aaecca-10b7-4d19-b640-b047a7c62196","message_id":"$bb579fb8-cb82-4824-be12-fcbc405b6608","timestamp":"2022-12-12T09:55:41.161Z","ttl":"PT10M"},"message":{"order":{"id":"order_123546876","provider":{"id":"BANK 1","descriptor":{"name":"BANK 1"}},"items":[{"id":"1","descriptor":{"name":"LOAN PRODUCT"},"price":{"currency":"INR","value":"121345"},"provider":{"id":"BANK 1"},"tags":[{"block":"string","district":"string","loan_tenure":"string","interest_rate":0,"processing_charges":0}]}],"fulfillmentes":[{"id":"fulfillment_id","type":"fulfillment_type","provider_id":"BANK 1","tracking":true,"agent":{"name":"John Doe"},"customer":{"person":{"name":"Alex Copper","dob":"1980-01-01","gender":"MALE","creds":[{"type":"education qualification","id":"12th marksheet number","url":"http://drive.google.com/link_to_doc.pdf"},{"type":"ror","id":"ror doc identifaction numnber","url":"http://drive.google.com/link_to_ror.pdf"},{"type":"aadhar card","id":"aadhar number","url":"http://drive.google.com/link_to_aadhar.pdf"},{"type":"any other ID proof (PAN Card)","id":"PAN Card number","url":"http://drive.google.com/link_to_PAN.pdf"}],"tags":[{"descriptor":{"short_desc":"Personal details of the loan applicant"},"list":[{"father-name":"Michael Jordan","marital-status":"SINGLE","spouse_name":"NA","social_category":"OBC","religion":"HINDU"}]}]}}}],"billing":{"address":"123/45 Some Street, Great City"},"payment":{"id":"payment_id","collected_by":"farmer_name","params":{"bank_code":"ABCD12345"},"tags":[{"descriptor":{"short_desc":"Additonal bank details"},"list":[{"PACS":"BANK PACS NAME"}]}]},"tags":[{"descriptor":{"short_desc":"Additonal Order Details"},"list":[{"crop_type":"rabi","land_cultivation_area":"1234","permanent_address":"123/45 Some Street, Great City"}]}]}}}
2023-04-26T15:56:30.789Z [test] info: Header recieved from bpp: ""
2023-04-26T15:56:30.789Z [test] error: Header parsing failed
2023-04-26T15:58:05.427Z [test] info: Protocol Network Server (Client Settler) recieving message from outbox queue
2023-04-26T15:58:05.427Z [test] info: request: {"context":{"domain":"dsep:courses","version":"1.0.0","action":"init","bap_id":"YASH-local-PS-BAP","bap_uri":"https://eozedewgw0o120g.m.pipedream.net","bpp_id":"bpp.dsep.samagra.io","bpp_uri":"http://localhost:3002","transaction_id":"a9aaecca-10b7-4d19-b640-b047a7c62196","message_id":"89acb604-f0a0-4a53-b178-3cbcb25e13ab","ttl":"PT10M","timestamp":"2023-04-26T15:58:05.339Z"},"message":{"order":{"id":"order_123546876","provider":{"id":"BANK 1","descriptor":{"name":"BANK 1"}},"items":[{"id":"1","descriptor":{"name":"LOAN PRODUCT"},"price":{"currency":"INR","value":"121345"},"provider":{"id":"BANK 1"},"tags":[{"block":"string","district":"string","loan_tenure":"string","interest_rate":0,"processing_charges":0,"display":true}]}],"fulfillmentes":[{"id":"fulfillment_id","type":"fulfillment_type","provider_id":"BANK 1","tracking":true,"agent":{"name":"John Doe"},"customer":{"person":{"name":"Alex Copper","dob":"1980-01-01","gender":"MALE","creds":[{"type":"education qualification","id":"12th marksheet number","url":"http://drive.google.com/link_to_doc.pdf"},{"type":"ror","id":"ror doc identifaction numnber","url":"http://drive.google.com/link_to_ror.pdf"},{"type":"aadhar card","id":"aadhar number","url":"http://drive.google.com/link_to_aadhar.pdf"},{"type":"any other ID proof (PAN Card)","id":"PAN Card number","url":"http://drive.google.com/link_to_PAN.pdf"}],"tags":[{"descriptor":{"short_desc":"Personal details of the loan applicant"},"list":[{"father-name":"Michael Jordan","marital-status":"SINGLE","spouse_name":"NA","social_category":"OBC","religion":"HINDU"}]}]}}}],"billing":{"address":"123/45 Some Street, Great City"},"payment":{"id":"payment_id","collected_by":"farmer_name","params":{"bank_code":"ABCD12345"},"tags":[{"descriptor":{"short_desc":"Additonal bank details"},"list":[{"PACS":"BANK PACS NAME"}]}]},"tags":[{"descriptor":{"short_desc":"Additonal Order Details"},"list":[{"crop_type":"rabi","land_cultivation_area":"1234","permanent_address":"123/45 Some Street, Great City"}],"display":true}],"type":"DEFAULT"}}}
2023-04-26T15:58:05.428Z [test] info: returning response from cache
2023-04-26T15:58:05.429Z [test] info: cachedResponse: [{"subscriber_id":"bpp.dsep.samagra.io","subscriber_url":"https://bpp.dsep.samagra.io","type":"BPP","signing_public_key":"005HACiSQF6rhTT0rXUFQelbb/9cUZgxelLAvFbyGis=","valid_until":"2034-09-13T18:47:00.000Z"}]
2023-04-26T15:58:05.429Z [test] info: Attempt Number: 1 
Action : init
2023-04-26T15:58:05.429Z [test] info: sending request to BG / BPP: http://localhost:3002
2023-04-26T15:58:05.429Z [test] info: Request Body: {"context":{"domain":"dsep:courses","version":"1.0.0","action":"init","bap_id":"YASH-local-PS-BAP","bap_uri":"https://eozedewgw0o120g.m.pipedream.net","bpp_id":"bpp.dsep.samagra.io","bpp_uri":"http://localhost:3002","transaction_id":"a9aaecca-10b7-4d19-b640-b047a7c62196","message_id":"89acb604-f0a0-4a53-b178-3cbcb25e13ab","ttl":"PT10M","timestamp":"2023-04-26T15:58:05.339Z"},"message":{"order":{"id":"order_123546876","provider":{"id":"BANK 1","descriptor":{"name":"BANK 1"}},"items":[{"id":"1","descriptor":{"name":"LOAN PRODUCT"},"price":{"currency":"INR","value":"121345"},"provider":{"id":"BANK 1"},"tags":[{"block":"string","district":"string","loan_tenure":"string","interest_rate":0,"processing_charges":0,"display":true}]}],"fulfillmentes":[{"id":"fulfillment_id","type":"fulfillment_type","provider_id":"BANK 1","tracking":true,"agent":{"name":"John Doe"},"customer":{"person":{"name":"Alex Copper","dob":"1980-01-01","gender":"MALE","creds":[{"type":"education qualification","id":"12th marksheet number","url":"http://drive.google.com/link_to_doc.pdf"},{"type":"ror","id":"ror doc identifaction numnber","url":"http://drive.google.com/link_to_ror.pdf"},{"type":"aadhar card","id":"aadhar number","url":"http://drive.google.com/link_to_aadhar.pdf"},{"type":"any other ID proof (PAN Card)","id":"PAN Card number","url":"http://drive.google.com/link_to_PAN.pdf"}],"tags":[{"descriptor":{"short_desc":"Personal details of the loan applicant"},"list":[{"father-name":"Michael Jordan","marital-status":"SINGLE","spouse_name":"NA","social_category":"OBC","religion":"HINDU"}]}]}}}],"billing":{"address":"123/45 Some Street, Great City"},"payment":{"id":"payment_id","collected_by":"farmer_name","params":{"bank_code":"ABCD12345"},"tags":[{"descriptor":{"short_desc":"Additonal bank details"},"list":[{"PACS":"BANK PACS NAME"}]}]},"tags":[{"descriptor":{"short_desc":"Additonal Order Details"},"list":[{"crop_type":"rabi","land_cultivation_area":"1234","permanent_address":"123/45 Some Street, Great City"}],"display":true}],"type":"DEFAULT"}}}
2023-04-26T15:58:06.976Z [test] info: Result : Request Successful 
Status: 201 
Data : "" 
Subscriber URL: http://localhost:3002
2023-04-26T15:58:06.978Z [test] error: BAP Request Failed at bapClientTriggerSettler
2023-04-26T15:58:51.193Z [test] info: Mongo Client Connected For DB: ps
2023-04-26T15:58:51.252Z [test] info: MQ Client Connected For: 127.0.0.1
2023-04-26T15:58:51.262Z [test] info: Mongo Client Connected For DB: ps
2023-04-26T15:58:51.265Z [test] info: Redis Client Connected For DB: 11
2023-04-26T15:58:51.265Z [test] info: Lookup Cache Initialized...
2023-04-26T15:58:51.266Z [test] info: Redis Client Connected For DB: 12
2023-04-26T15:58:51.266Z [test] info: Request Cache Initialized...
2023-04-26T15:58:53.193Z [test] info: Protocol Server started on PORT : 5002
2023-04-26T15:58:53.193Z [test] info: Protocol Server Started Successfully
2023-04-26T15:58:53.193Z [test] info: Mode: BAP
2023-04-26T15:58:53.194Z [test] info: Gateway Type: NETWORK
2023-04-26T15:59:03.577Z [test] info: Protocol Network Server (Client Settler) recieving message from outbox queue
2023-04-26T15:59:03.577Z [test] info: request: {"context":{"domain":"dsep:courses","version":"1.0.0","action":"init","bap_id":"YASH-local-PS-BAP","bap_uri":"https://eozedewgw0o120g.m.pipedream.net","bpp_id":"bpp.dsep.samagra.io","bpp_uri":"http://localhost:3002","transaction_id":"a9aaecca-10b7-4d19-b640-b047a7c62196","message_id":"0b155c14-e49a-44d3-aef9-27e1bec7e41e","ttl":"PT10M","timestamp":"2023-04-26T15:59:01.125Z"},"message":{"order":{"id":"order_123546876","provider":{"id":"BANK 1","descriptor":{"name":"BANK 1"}},"items":[{"id":"1","descriptor":{"name":"LOAN PRODUCT"},"price":{"currency":"INR","value":"121345"},"provider":{"id":"BANK 1"},"tags":[{"block":"string","district":"string","loan_tenure":"string","interest_rate":0,"processing_charges":0,"display":true}]}],"fulfillmentes":[{"id":"fulfillment_id","type":"fulfillment_type","provider_id":"BANK 1","tracking":true,"agent":{"name":"John Doe"},"customer":{"person":{"name":"Alex Copper","dob":"1980-01-01","gender":"MALE","creds":[{"type":"education qualification","id":"12th marksheet number","url":"http://drive.google.com/link_to_doc.pdf"},{"type":"ror","id":"ror doc identifaction numnber","url":"http://drive.google.com/link_to_ror.pdf"},{"type":"aadhar card","id":"aadhar number","url":"http://drive.google.com/link_to_aadhar.pdf"},{"type":"any other ID proof (PAN Card)","id":"PAN Card number","url":"http://drive.google.com/link_to_PAN.pdf"}],"tags":[{"descriptor":{"short_desc":"Personal details of the loan applicant"},"list":[{"father-name":"Michael Jordan","marital-status":"SINGLE","spouse_name":"NA","social_category":"OBC","religion":"HINDU"}]}]}}}],"billing":{"address":"123/45 Some Street, Great City"},"payment":{"id":"payment_id","collected_by":"farmer_name","params":{"bank_code":"ABCD12345"},"tags":[{"descriptor":{"short_desc":"Additonal bank details"},"list":[{"PACS":"BANK PACS NAME"}]}]},"tags":[{"descriptor":{"short_desc":"Additonal Order Details"},"list":[{"crop_type":"rabi","land_cultivation_area":"1234","permanent_address":"123/45 Some Street, Great City"}],"display":true}],"type":"DEFAULT"}}}
2023-04-26T15:59:03.582Z [test] info: returning response from cache
2023-04-26T15:59:03.582Z [test] info: cachedResponse: [{"subscriber_id":"bpp.dsep.samagra.io","subscriber_url":"https://bpp.dsep.samagra.io","type":"BPP","signing_public_key":"005HACiSQF6rhTT0rXUFQelbb/9cUZgxelLAvFbyGis=","valid_until":"2034-09-13T18:47:00.000Z"}]
2023-04-26T15:59:03.582Z [test] info: Attempt Number: 1 
Action : init
2023-04-26T15:59:03.582Z [test] info: sending request to BG / BPP: http://localhost:3002
2023-04-26T15:59:03.583Z [test] info: Request Body: {"context":{"domain":"dsep:courses","version":"1.0.0","action":"init","bap_id":"YASH-local-PS-BAP","bap_uri":"https://eozedewgw0o120g.m.pipedream.net","bpp_id":"bpp.dsep.samagra.io","bpp_uri":"http://localhost:3002","transaction_id":"a9aaecca-10b7-4d19-b640-b047a7c62196","message_id":"0b155c14-e49a-44d3-aef9-27e1bec7e41e","ttl":"PT10M","timestamp":"2023-04-26T15:59:01.125Z"},"message":{"order":{"id":"order_123546876","provider":{"id":"BANK 1","descriptor":{"name":"BANK 1"}},"items":[{"id":"1","descriptor":{"name":"LOAN PRODUCT"},"price":{"currency":"INR","value":"121345"},"provider":{"id":"BANK 1"},"tags":[{"block":"string","district":"string","loan_tenure":"string","interest_rate":0,"processing_charges":0,"display":true}]}],"fulfillmentes":[{"id":"fulfillment_id","type":"fulfillment_type","provider_id":"BANK 1","tracking":true,"agent":{"name":"John Doe"},"customer":{"person":{"name":"Alex Copper","dob":"1980-01-01","gender":"MALE","creds":[{"type":"education qualification","id":"12th marksheet number","url":"http://drive.google.com/link_to_doc.pdf"},{"type":"ror","id":"ror doc identifaction numnber","url":"http://drive.google.com/link_to_ror.pdf"},{"type":"aadhar card","id":"aadhar number","url":"http://drive.google.com/link_to_aadhar.pdf"},{"type":"any other ID proof (PAN Card)","id":"PAN Card number","url":"http://drive.google.com/link_to_PAN.pdf"}],"tags":[{"descriptor":{"short_desc":"Personal details of the loan applicant"},"list":[{"father-name":"Michael Jordan","marital-status":"SINGLE","spouse_name":"NA","social_category":"OBC","religion":"HINDU"}]}]}}}],"billing":{"address":"123/45 Some Street, Great City"},"payment":{"id":"payment_id","collected_by":"farmer_name","params":{"bank_code":"ABCD12345"},"tags":[{"descriptor":{"short_desc":"Additonal bank details"},"list":[{"PACS":"BANK PACS NAME"}]}]},"tags":[{"descriptor":{"short_desc":"Additonal Order Details"},"list":[{"crop_type":"rabi","land_cultivation_area":"1234","permanent_address":"123/45 Some Street, Great City"}],"display":true}],"type":"DEFAULT"}}}
2023-04-26T15:59:04.975Z [test] info: Result : Request Successful 
Status: 201 
Data : "" 
Subscriber URL: http://localhost:3002
2023-04-26T15:59:05.003Z [test] error: BAP Request Failed at bapClientTriggerSettler
2023-04-26T16:00:55.523Z [test] info: 
New Request txn_id a9aaecca-10b7-4d19-b640-b047a7c62196
2023-04-26T16:00:55.523Z [test] info: Response from BPP {"context":{"domain":"dsep:courses","action":"on_init","version":"1.0.0","bap_id":"YASH-local-PS-BAP","bap_uri":"https://eozedewgw0o120g.m.pipedream.net","bpp_id":"bpp.dsep.samagra.io","bpp_uri":"http://localhost:3002","transaction_id":"a9aaecca-10b7-4d19-b640-b047a7c62196","message_id":"$bb579fb8-cb82-4824-be12-fcbc405b6608","timestamp":"2022-12-12T09:55:41.161Z","ttl":"PT10M"},"message":{"order":{"id":"order_123546876","provider":{"id":"BANK 1","descriptor":{"name":"BANK 1"}},"items":[{"id":"1","descriptor":{"name":"LOAN PRODUCT"},"price":{"currency":"INR","value":"121345"},"provider":{"id":"BANK 1"},"tags":[{"block":"string","district":"string","loan_tenure":"string","interest_rate":0,"processing_charges":0}]}],"fulfillmentes":[{"id":"fulfillment_id","type":"fulfillment_type","provider_id":"BANK 1","tracking":true,"agent":{"name":"John Doe"},"customer":{"person":{"name":"Alex Copper","dob":"1980-01-01","gender":"MALE","creds":[{"type":"education qualification","id":"12th marksheet number","url":"http://drive.google.com/link_to_doc.pdf"},{"type":"ror","id":"ror doc identifaction numnber","url":"http://drive.google.com/link_to_ror.pdf"},{"type":"aadhar card","id":"aadhar number","url":"http://drive.google.com/link_to_aadhar.pdf"},{"type":"any other ID proof (PAN Card)","id":"PAN Card number","url":"http://drive.google.com/link_to_PAN.pdf"}],"tags":[{"descriptor":{"short_desc":"Personal details of the loan applicant"},"list":[{"father-name":"Michael Jordan","marital-status":"SINGLE","spouse_name":"NA","social_category":"OBC","religion":"HINDU"}]}]}}}],"billing":{"address":"123/45 Some Street, Great City"},"payment":{"id":"payment_id","collected_by":"farmer_name","params":{"bank_code":"ABCD12345"},"tags":[{"descriptor":{"short_desc":"Additonal bank details"},"list":[{"PACS":"BANK PACS NAME"}]}]},"tags":[{"descriptor":{"short_desc":"Additonal Order Details"},"list":[{"crop_type":"rabi","land_cultivation_area":"1234","permanent_address":"123/45 Some Street, Great City"}]}]}}}
2023-04-26T16:00:55.526Z [test] info: Header recieved from bpp: "Signature keyId=\"Yash-local-PS-BPP|Yash-local-PS-BAP|ed25519\",algorithm=\"ed25519\",created=\"1682524145\",expires=\"1682527745\",headers=\"(created) (expires) digest\",signature=\"GplIR+sg+XWdIeWAZkXByqSJZZl1ZDZpXf1WnBmqCtmS96IW+RKtVRjsRyO8r8y6UJwoEMjC8ReCCSjYzLVqDA==\""
2023-04-26T16:00:55.527Z [test] info: 
Looking Up in registry...!

2023-04-26T16:00:55.762Z [test] info: subscribers: []
2023-04-26T16:00:55.762Z [test] error: No subscriber found
2023-04-26T16:01:14.430Z [test] info: 
New Request txn_id a9aaecca-10b7-4d19-b640-b047a7c62196
2023-04-26T16:01:14.430Z [test] info: Response from BPP {"context":{"domain":"dsep:courses","action":"on_init","version":"1.0.0","bap_id":"bap.dsep.samagra.io","bap_uri":"https://eozedewgw0o120g.m.pipedream.net","bpp_id":"bpp.dsep.samagra.io","bpp_uri":"http://localhost:3002","transaction_id":"a9aaecca-10b7-4d19-b640-b047a7c62196","message_id":"$bb579fb8-cb82-4824-be12-fcbc405b6608","timestamp":"2022-12-12T09:55:41.161Z","ttl":"PT10M"},"message":{"order":{"id":"order_123546876","provider":{"id":"BANK 1","descriptor":{"name":"BANK 1"}},"items":[{"id":"1","descriptor":{"name":"LOAN PRODUCT"},"price":{"currency":"INR","value":"121345"},"provider":{"id":"BANK 1"},"tags":[{"block":"string","district":"string","loan_tenure":"string","interest_rate":0,"processing_charges":0}]}],"fulfillmentes":[{"id":"fulfillment_id","type":"fulfillment_type","provider_id":"BANK 1","tracking":true,"agent":{"name":"John Doe"},"customer":{"person":{"name":"Alex Copper","dob":"1980-01-01","gender":"MALE","creds":[{"type":"education qualification","id":"12th marksheet number","url":"http://drive.google.com/link_to_doc.pdf"},{"type":"ror","id":"ror doc identifaction numnber","url":"http://drive.google.com/link_to_ror.pdf"},{"type":"aadhar card","id":"aadhar number","url":"http://drive.google.com/link_to_aadhar.pdf"},{"type":"any other ID proof (PAN Card)","id":"PAN Card number","url":"http://drive.google.com/link_to_PAN.pdf"}],"tags":[{"descriptor":{"short_desc":"Personal details of the loan applicant"},"list":[{"father-name":"Michael Jordan","marital-status":"SINGLE","spouse_name":"NA","social_category":"OBC","religion":"HINDU"}]}]}}}],"billing":{"address":"123/45 Some Street, Great City"},"payment":{"id":"payment_id","collected_by":"farmer_name","params":{"bank_code":"ABCD12345"},"tags":[{"descriptor":{"short_desc":"Additonal bank details"},"list":[{"PACS":"BANK PACS NAME"}]}]},"tags":[{"descriptor":{"short_desc":"Additonal Order Details"},"list":[{"crop_type":"rabi","land_cultivation_area":"1234","permanent_address":"123/45 Some Street, Great City"}]}]}}}
2023-04-26T16:01:14.431Z [test] info: Header recieved from bpp: "Signature keyId=\"Yash-local-PS-BPP|Yash-local-PS-BAP|ed25519\",algorithm=\"ed25519\",created=\"1682524145\",expires=\"1682527745\",headers=\"(created) (expires) digest\",signature=\"GplIR+sg+XWdIeWAZkXByqSJZZl1ZDZpXf1WnBmqCtmS96IW+RKtVRjsRyO8r8y6UJwoEMjC8ReCCSjYzLVqDA==\""
2023-04-26T16:01:14.431Z [test] info: 
Looking Up in registry...!

2023-04-26T16:01:14.565Z [test] info: subscribers: []
2023-04-26T16:01:14.566Z [test] error: No subscriber found
2023-04-26T16:01:49.680Z [test] info: 
New Request txn_id a9aaecca-10b7-4d19-b640-b047a7c62196
2023-04-26T16:01:49.681Z [test] info: Response from BPP {"context":{"domain":"dsep:courses","action":"on_init","version":"1.0.0","bap_id":"Chakshu-Local-PS-BAP","bap_uri":"https://eozedewgw0o120g.m.pipedream.net","bpp_id":"bpp.dsep.samagra.io","bpp_uri":"http://localhost:3002","transaction_id":"a9aaecca-10b7-4d19-b640-b047a7c62196","message_id":"$bb579fb8-cb82-4824-be12-fcbc405b6608","timestamp":"2022-12-12T09:55:41.161Z","ttl":"PT10M"},"message":{"order":{"id":"order_123546876","provider":{"id":"BANK 1","descriptor":{"name":"BANK 1"}},"items":[{"id":"1","descriptor":{"name":"LOAN PRODUCT"},"price":{"currency":"INR","value":"121345"},"provider":{"id":"BANK 1"},"tags":[{"block":"string","district":"string","loan_tenure":"string","interest_rate":0,"processing_charges":0}]}],"fulfillmentes":[{"id":"fulfillment_id","type":"fulfillment_type","provider_id":"BANK 1","tracking":true,"agent":{"name":"John Doe"},"customer":{"person":{"name":"Alex Copper","dob":"1980-01-01","gender":"MALE","creds":[{"type":"education qualification","id":"12th marksheet number","url":"http://drive.google.com/link_to_doc.pdf"},{"type":"ror","id":"ror doc identifaction numnber","url":"http://drive.google.com/link_to_ror.pdf"},{"type":"aadhar card","id":"aadhar number","url":"http://drive.google.com/link_to_aadhar.pdf"},{"type":"any other ID proof (PAN Card)","id":"PAN Card number","url":"http://drive.google.com/link_to_PAN.pdf"}],"tags":[{"descriptor":{"short_desc":"Personal details of the loan applicant"},"list":[{"father-name":"Michael Jordan","marital-status":"SINGLE","spouse_name":"NA","social_category":"OBC","religion":"HINDU"}]}]}}}],"billing":{"address":"123/45 Some Street, Great City"},"payment":{"id":"payment_id","collected_by":"farmer_name","params":{"bank_code":"ABCD12345"},"tags":[{"descriptor":{"short_desc":"Additonal bank details"},"list":[{"PACS":"BANK PACS NAME"}]}]},"tags":[{"descriptor":{"short_desc":"Additonal Order Details"},"list":[{"crop_type":"rabi","land_cultivation_area":"1234","permanent_address":"123/45 Some Street, Great City"}]}]}}}
2023-04-26T16:01:49.681Z [test] info: Header recieved from bpp: "Signature keyId=\"Yash-local-PS-BPP|Yash-local-PS-BAP|ed25519\",algorithm=\"ed25519\",created=\"1682524145\",expires=\"1682527745\",headers=\"(created) (expires) digest\",signature=\"GplIR+sg+XWdIeWAZkXByqSJZZl1ZDZpXf1WnBmqCtmS96IW+RKtVRjsRyO8r8y6UJwoEMjC8ReCCSjYzLVqDA==\""
2023-04-26T16:01:49.681Z [test] info: 
Looking Up in registry...!

2023-04-26T16:01:49.814Z [test] info: subscribers: []
2023-04-26T16:01:49.815Z [test] error: No subscriber found
2023-04-26T16:12:02.261Z [test] error: EIO: i/o error, write
