2023-05-02T10:31:17.756Z [test] info: Mongo Client Connected For DB: ps
2023-05-02T10:31:17.817Z [test] info: MQ Client Connected For: 127.0.0.1
2023-05-02T10:31:17.824Z [test] info: Mongo Client Connected For DB: ps
2023-05-02T10:31:17.826Z [test] info: Redis Client Connected For DB: 11
2023-05-02T10:31:17.827Z [test] info: Lookup Cache Initialized...
2023-05-02T10:31:17.827Z [test] info: Redis Client Connected For DB: 12
2023-05-02T10:31:17.828Z [test] info: Request Cache Initialized...
2023-05-02T10:31:19.103Z [test] info: Protocol Server started on PORT : 5002
2023-05-02T10:31:19.103Z [test] info: Protocol Server Started Successfully
2023-05-02T10:31:19.103Z [test] info: Mode: BAP
2023-05-02T10:31:19.103Z [test] info: Gateway Type: NETWORK
2023-05-02T10:41:03.747Z [test] info: Protocol Network Server (Client Settler) recieving message from outbox queue
2023-05-02T10:41:03.748Z [test] info: request: {"context":{"domain":"dsep:courses","version":"1.0.0","action":"search","bap_id":"YASH-local-PS-BAP","bap_uri":"http://localhost:3010","bpp_id":"Yash-local-PS-BPP","bpp_uri":"http://localhost:3002","transaction_id":"a9aaecca-10b7-4d19-b640-b047a7c62196","message_id":"7beef8ee-835a-4e0e-b9d5-11417fc1601d","ttl":"PT10M","timestamp":"2023-05-02T10:41:01.530Z"},"message":{"intent":{"tags":[{"block":"","district":"","bank_name":"","display":true}]}}}
2023-05-02T10:41:03.753Z [test] info: 
Looking Up in registry...!

2023-05-02T10:41:04.293Z [test] info: subscribers: [{"subscriber_id":"Yash-local-PS-BPP","subscriber_url":"http://localhost:3002","type":"BPP","signing_public_key":"Rny+51WWreKH3pP4yUy6Hjte+4ePbwy+eZxtpNudC4I=","valid_until":"2027-12-23T15:21:00.000Z"}]
2023-05-02T10:41:04.294Z [test] info: Attempt Number: 1 
Action : search
2023-05-02T10:41:04.295Z [test] info: sending request to BG / BPP: http://localhost:3002
2023-05-02T10:41:04.295Z [test] info: Request Body: {"context":{"domain":"dsep:courses","version":"1.0.0","action":"search","bap_id":"YASH-local-PS-BAP","bap_uri":"http://localhost:3010","bpp_id":"Yash-local-PS-BPP","bpp_uri":"http://localhost:3002","transaction_id":"a9aaecca-10b7-4d19-b640-b047a7c62196","message_id":"7beef8ee-835a-4e0e-b9d5-11417fc1601d","ttl":"PT10M","timestamp":"2023-05-02T10:41:01.530Z"},"message":{"intent":{"tags":[{"block":"","district":"","bank_name":"","display":true}]}}}
2023-05-02T10:41:04.323Z [test] info: Result : Request Successful 
Status: 201 
Data : {"message":{"ack":{"status":"ACK"}}} 
Subscriber URL: http://localhost:3002
2023-05-02T10:41:04.351Z [test] error: BAP Request Failed at bapClientTriggerSettler
2023-05-02T10:49:36.854Z [test] info: Mongo Client Connected For DB: ps
2023-05-02T10:49:36.913Z [test] info: MQ Client Connected For: 127.0.0.1
2023-05-02T10:49:36.924Z [test] info: Mongo Client Connected For DB: ps
2023-05-02T10:49:36.926Z [test] info: Redis Client Connected For DB: 11
2023-05-02T10:49:36.926Z [test] info: Lookup Cache Initialized...
2023-05-02T10:49:36.927Z [test] info: Redis Client Connected For DB: 12
2023-05-02T10:49:36.927Z [test] info: Request Cache Initialized...
2023-05-02T10:49:38.274Z [test] info: Protocol Server started on PORT : 5002
2023-05-02T10:49:38.275Z [test] info: Protocol Server Started Successfully
2023-05-02T10:49:38.275Z [test] info: Mode: BAP
2023-05-02T10:49:38.275Z [test] info: Gateway Type: NETWORK
2023-05-02T10:49:42.847Z [test] info: Protocol Network Server (Client Settler) recieving message from outbox queue
2023-05-02T10:49:42.848Z [test] info: request: {"context":{"domain":"dsep:courses","version":"1.0.0","action":"search","bap_id":"YASH-local-PS-BAP","bap_uri":"http://localhost:3010","bpp_id":"Yash-local-PS-BPP","bpp_uri":"http://localhost:3002","transaction_id":"a9aaecca-10b7-4d19-b640-b047a7c62196","message_id":"76873e99-7b5b-49dd-9dea-69f76f9061a1","ttl":"PT10M","timestamp":"2023-05-02T10:49:42.838Z"},"message":{"intent":{"tags":[{"block":"","district":"","bank_name":"","display":true}]}}}
2023-05-02T10:49:42.852Z [test] info: returning response from cache
2023-05-02T10:49:42.852Z [test] info: cachedResponse: [{"subscriber_id":"Yash-local-PS-BPP","subscriber_url":"http://localhost:3002","type":"BPP","signing_public_key":"Rny+51WWreKH3pP4yUy6Hjte+4ePbwy+eZxtpNudC4I=","valid_until":"2027-12-23T15:21:00.000Z"}]
2023-05-02T10:49:42.853Z [test] info: Attempt Number: 1 
Action : search
2023-05-02T10:49:42.853Z [test] info: sending request to BG / BPP: http://localhost:3002
2023-05-02T10:49:42.853Z [test] info: Request Body: {"context":{"domain":"dsep:courses","version":"1.0.0","action":"search","bap_id":"YASH-local-PS-BAP","bap_uri":"http://localhost:3010","bpp_id":"Yash-local-PS-BPP","bpp_uri":"http://localhost:3002","transaction_id":"a9aaecca-10b7-4d19-b640-b047a7c62196","message_id":"76873e99-7b5b-49dd-9dea-69f76f9061a1","ttl":"PT10M","timestamp":"2023-05-02T10:49:42.838Z"},"message":{"intent":{"tags":[{"block":"","district":"","bank_name":"","display":true}]}}}
2023-05-02T10:49:42.868Z [test] info: Result : Request Successful 
Status: 201 
Data : {"message":{"ack":{"status":"ACK"}}} 
Subscriber URL: http://localhost:3002
2023-05-02T10:49:42.894Z [test] error: BAP Request Failed at bapClientTriggerSettler
2023-05-02T10:54:57.396Z [test] info: Mongo Client Connected For DB: ps
2023-05-02T10:54:57.453Z [test] info: MQ Client Connected For: 127.0.0.1
2023-05-02T10:54:57.464Z [test] info: Mongo Client Connected For DB: ps
2023-05-02T10:54:57.466Z [test] info: Redis Client Connected For DB: 11
2023-05-02T10:54:57.467Z [test] info: Lookup Cache Initialized...
2023-05-02T10:54:57.469Z [test] info: Redis Client Connected For DB: 12
2023-05-02T10:54:57.470Z [test] info: Request Cache Initialized...
2023-05-02T10:54:58.813Z [test] info: Protocol Server started on PORT : 5002
2023-05-02T10:54:58.813Z [test] info: Protocol Server Started Successfully
2023-05-02T10:54:58.813Z [test] info: Mode: BAP
2023-05-02T10:54:58.814Z [test] info: Gateway Type: NETWORK
2023-05-02T10:55:06.420Z [test] info: Protocol Network Server (Client Settler) recieving message from outbox queue
2023-05-02T10:55:06.420Z [test] info: request: {"context":{"domain":"dsep:courses","version":"1.0.0","action":"search","bap_id":"YASH-local-PS-BAP","bap_uri":"http://localhost:3010","bpp_id":"Yash-local-PS-BPP","bpp_uri":"http://localhost:3002","transaction_id":"a9aaecca-10b7-4d19-b640-b047a7c62196","message_id":"993a7729-ada6-4698-a353-e255ed1d0b6c","ttl":"PT10M","timestamp":"2023-05-02T10:55:06.414Z"},"message":{"intent":{"tags":[{"block":"","district":"","bank_name":"","display":true}]}}}
2023-05-02T10:55:06.425Z [test] info: returning response from cache
2023-05-02T10:55:06.425Z [test] info: cachedResponse: [{"subscriber_id":"Yash-local-PS-BPP","subscriber_url":"http://localhost:3002","type":"BPP","signing_public_key":"Rny+51WWreKH3pP4yUy6Hjte+4ePbwy+eZxtpNudC4I=","valid_until":"2027-12-23T15:21:00.000Z"}]
2023-05-02T10:55:06.426Z [test] info: Attempt Number: 1 
Action : search
2023-05-02T10:55:06.426Z [test] info: sending request to BG / BPP: http://localhost:3002
2023-05-02T10:55:06.426Z [test] info: Request Body: {"context":{"domain":"dsep:courses","version":"1.0.0","action":"search","bap_id":"YASH-local-PS-BAP","bap_uri":"http://localhost:3010","bpp_id":"Yash-local-PS-BPP","bpp_uri":"http://localhost:3002","transaction_id":"a9aaecca-10b7-4d19-b640-b047a7c62196","message_id":"993a7729-ada6-4698-a353-e255ed1d0b6c","ttl":"PT10M","timestamp":"2023-05-02T10:55:06.414Z"},"message":{"intent":{"tags":[{"block":"","district":"","bank_name":"","display":true}]}}}
2023-05-02T10:55:06.441Z [test] info: Result : Request Successful 
Status: 201 
Data : {"message":{"ack":{"status":"ACK"}}} 
Subscriber URL: http://localhost:3002
2023-05-02T10:55:06.466Z [test] error: BAP Request Failed at bapClientTriggerSettler
2023-05-02T11:22:41.307Z [test] info: Mongo Client Connected For DB: ps
2023-05-02T11:22:41.361Z [test] info: MQ Client Connected For: 127.0.0.1
2023-05-02T11:22:41.375Z [test] info: Mongo Client Connected For DB: ps
2023-05-02T11:22:41.377Z [test] info: Redis Client Connected For DB: 11
2023-05-02T11:22:41.377Z [test] info: Lookup Cache Initialized...
2023-05-02T11:22:41.378Z [test] info: Redis Client Connected For DB: 12
2023-05-02T11:22:41.378Z [test] info: Request Cache Initialized...
2023-05-02T11:22:42.736Z [test] info: Protocol Server started on PORT : 5002
2023-05-02T11:22:42.736Z [test] info: Protocol Server Started Successfully
2023-05-02T11:22:42.736Z [test] info: Mode: BAP
2023-05-02T11:22:42.737Z [test] info: Gateway Type: NETWORK
2023-05-02T11:22:49.170Z [test] info: Protocol Network Server (Client Settler) recieving message from outbox queue
2023-05-02T11:22:49.171Z [test] info: request: {"context":{"domain":"dsep:courses","version":"1.0.0","action":"search","bap_id":"YASH-local-PS-BAP","bap_uri":"http://localhost:3010","bpp_id":"Yash-local-PS-BPP","bpp_uri":"http://localhost:3002","transaction_id":"a9aaecca-10b7-4d19-b640-b047a7c62196","message_id":"f0da3c91-82a3-4b52-9bd0-f7c75f7ba9d9","ttl":"PT10M","timestamp":"2023-05-02T11:22:49.165Z"},"message":{"intent":{"tags":[{"block":"","district":"","bank_name":"","display":true}]}}}
2023-05-02T11:22:49.176Z [test] info: returning response from cache
2023-05-02T11:22:49.176Z [test] info: cachedResponse: [{"subscriber_id":"Yash-local-PS-BPP","subscriber_url":"http://localhost:3002","type":"BPP","signing_public_key":"Rny+51WWreKH3pP4yUy6Hjte+4ePbwy+eZxtpNudC4I=","valid_until":"2027-12-23T15:21:00.000Z"}]
2023-05-02T11:22:49.176Z [test] info: Attempt Number: 1 
Action : search
2023-05-02T11:22:49.177Z [test] info: sending request to BG / BPP: http://localhost:3002
2023-05-02T11:22:49.177Z [test] info: Request Body: {"context":{"domain":"dsep:courses","version":"1.0.0","action":"search","bap_id":"YASH-local-PS-BAP","bap_uri":"http://localhost:3010","bpp_id":"Yash-local-PS-BPP","bpp_uri":"http://localhost:3002","transaction_id":"a9aaecca-10b7-4d19-b640-b047a7c62196","message_id":"f0da3c91-82a3-4b52-9bd0-f7c75f7ba9d9","ttl":"PT10M","timestamp":"2023-05-02T11:22:49.165Z"},"message":{"intent":{"tags":[{"block":"","district":"","bank_name":"","display":true}]}}}
2023-05-02T11:22:49.193Z [test] info: Result : Request Successful 
Status: 201 
Data : {"message":{"ack":{"status":"ACK"}}} 
Subscriber URL: http://localhost:3002
2023-05-02T11:22:49.218Z [test] error: BAP Request Failed at bapClientTriggerSettler
2023-05-02T11:23:11.364Z [test] info: Mongo Client Connected For DB: ps
2023-05-02T11:23:11.418Z [test] info: MQ Client Connected For: 127.0.0.1
2023-05-02T11:23:11.428Z [test] info: Mongo Client Connected For DB: ps
2023-05-02T11:23:11.431Z [test] info: Redis Client Connected For DB: 11
2023-05-02T11:23:11.433Z [test] info: Lookup Cache Initialized...
2023-05-02T11:23:11.434Z [test] info: Redis Client Connected For DB: 12
2023-05-02T11:23:11.435Z [test] info: Request Cache Initialized...
2023-05-02T11:23:12.799Z [test] info: Protocol Server started on PORT : 5002
2023-05-02T11:23:12.800Z [test] info: Protocol Server Started Successfully
2023-05-02T11:23:12.800Z [test] info: Mode: BAP
2023-05-02T11:23:12.800Z [test] info: Gateway Type: NETWORK
2023-05-02T11:23:16.479Z [test] info: Protocol Network Server (Client Settler) recieving message from outbox queue
2023-05-02T11:23:16.479Z [test] info: request: {"context":{"domain":"dsep:courses","version":"1.0.0","action":"search","bap_id":"YASH-local-PS-BAP","bap_uri":"http://localhost:3010","bpp_id":"Yash-local-PS-BPP","bpp_uri":"http://localhost:3002","transaction_id":"a9aaecca-10b7-4d19-b640-b047a7c62196","message_id":"2137b0ef-e0fc-4272-bd85-45358321eb07","ttl":"PT10M","timestamp":"2023-05-02T11:23:16.472Z"},"message":{"intent":{"tags":[{"block":"","district":"","bank_name":"","display":true}]}}}
2023-05-02T11:23:16.484Z [test] info: returning response from cache
2023-05-02T11:23:16.484Z [test] info: cachedResponse: [{"subscriber_id":"Yash-local-PS-BPP","subscriber_url":"http://localhost:3002","type":"BPP","signing_public_key":"Rny+51WWreKH3pP4yUy6Hjte+4ePbwy+eZxtpNudC4I=","valid_until":"2027-12-23T15:21:00.000Z"}]
2023-05-02T11:23:16.485Z [test] info: Attempt Number: 1 
Action : search
2023-05-02T11:23:16.485Z [test] info: sending request to BG / BPP: http://localhost:3002
2023-05-02T11:23:16.485Z [test] info: Request Body: {"context":{"domain":"dsep:courses","version":"1.0.0","action":"search","bap_id":"YASH-local-PS-BAP","bap_uri":"http://localhost:3010","bpp_id":"Yash-local-PS-BPP","bpp_uri":"http://localhost:3002","transaction_id":"a9aaecca-10b7-4d19-b640-b047a7c62196","message_id":"2137b0ef-e0fc-4272-bd85-45358321eb07","ttl":"PT10M","timestamp":"2023-05-02T11:23:16.472Z"},"message":{"intent":{"tags":[{"block":"","district":"","bank_name":"","display":true}]}}}
2023-05-02T11:23:16.498Z [test] info: Result : Request Successful 
Status: 201 
Data : {"message":{"ack":{"status":"ACK"}}} 
Subscriber URL: http://localhost:3002
2023-05-02T11:23:16.523Z [test] error: BAP Request Failed at bapClientTriggerSettler
