2023-04-26T14:55:05.040Z [test] info: Mongo Client Connected For DB: ps
2023-04-26T14:55:05.096Z [test] info: MQ Client Connected For: 127.0.0.1
2023-04-26T14:55:05.104Z [test] info: Mongo Client Connected For DB: ps
2023-04-26T14:55:05.105Z [test] info: Redis Client Connected For DB: 11
2023-04-26T14:55:05.106Z [test] info: Lookup Cache Initialized...
2023-04-26T14:55:05.106Z [test] info: Redis Client Connected For DB: 12
2023-04-26T14:55:05.106Z [test] info: Request Cache Initialized...
2023-04-26T14:55:06.426Z [test] info: Protocol Server started on PORT : 5003
2023-04-26T14:55:06.426Z [test] info: Protocol Server Started Successfully
2023-04-26T14:55:06.426Z [test] info: Mode: BAP
2023-04-26T14:55:06.426Z [test] info: Gateway Type: CLIENT
2023-04-26T14:58:25.703Z [test] info: returning response from cache
2023-04-26T14:58:25.703Z [test] info: cachedResponse: [{"subscriber_id":"YASH-local-PS-BAP","subscriber_url":"https://4de3-2401-4900-1c6e-578a-4bca-7bf8-cfae-148a.in.ngrok.io","type":"BAP","signing_public_key":"Rny+51WWreKH3pP4yUy6Hjte+4ePbwy+eZxtpNudC4I=","valid_until":"2023-08-30T19:19:00.000Z"}]
2023-04-26T14:58:28.247Z [test] info: sending message to outbox queue
2023-04-26T14:58:28.247Z [test] info: request: {"context":{"domain":"dsep:courses","version":"1.0.0","action":"init","bap_id":"YASH-local-PS-BAP","bap_uri":"https://bitter-jars-see-223-178-213-59.loca.lt","bpp_id":"bpp.dsep.samagra.io","bpp_uri":"http://localhost:3000","transaction_id":"a9aaecca-10b7-4d19-b640-b047a7c62196","message_id":"47da3626-028b-4332-8ba3-42c1ca0e23c6","ttl":"PT10M","timestamp":"2023-04-26T14:58:25.698Z"},"message":{"order":{"id":"order_123546876","provider":{"id":"BANK 1","descriptor":{"name":"BANK 1"}},"items":[{"id":"1","descriptor":{"name":"LOAN PRODUCT"},"price":{"currency":"INR","value":"121345"},"provider":{"id":"BANK 1"},"tags":[{"block":"string","district":"string","loan_tenure":"string","interest_rate":0,"processing_charges":0,"display":true}]}],"fulfillmentes":[{"id":"fulfillment_id","type":"fulfillment_type","provider_id":"BANK 1","tracking":true,"agent":{"name":"John Doe"},"customer":{"person":{"name":"Alex Copper","dob":"1980-01-01","gender":"MALE","creds":[{"type":"education qualification","id":"12th marksheet number","url":"http://drive.google.com/link_to_doc.pdf"},{"type":"ror","id":"ror doc identifaction numnber","url":"http://drive.google.com/link_to_ror.pdf"},{"type":"aadhar card","id":"aadhar number","url":"http://drive.google.com/link_to_aadhar.pdf"},{"type":"any other ID proof (PAN Card)","id":"PAN Card number","url":"http://drive.google.com/link_to_PAN.pdf"}],"tags":[{"descriptor":{"short_desc":"Personal details of the loan applicant"},"list":[{"father-name":"Michael Jordan","marital-status":"SINGLE","spouse_name":"NA","social_category":"OBC","religion":"HINDU"}]}]}}}],"billing":{"address":"123/45 Some Street, Great City"},"payment":{"id":"payment_id","collected_by":"farmer_name","params":{"bank_code":"ABCD12345"},"tags":[{"descriptor":{"short_desc":"Additonal bank details"},"list":[{"PACS":"BANK PACS NAME"}]}]},"tags":[{"descriptor":{"short_desc":"Additonal Order Details"},"list":[{"crop_type":"rabi","land_cultivation_area":"1234","permanent_address":"123/45 Some Street, Great City"}],"display":true}],"type":"DEFAULT"}}}
2023-04-26T14:59:11.261Z [test] info: returning response from cache
2023-04-26T14:59:11.262Z [test] info: cachedResponse: [{"subscriber_id":"YASH-local-PS-BAP","subscriber_url":"https://4de3-2401-4900-1c6e-578a-4bca-7bf8-cfae-148a.in.ngrok.io","type":"BAP","signing_public_key":"Rny+51WWreKH3pP4yUy6Hjte+4ePbwy+eZxtpNudC4I=","valid_until":"2023-08-30T19:19:00.000Z"}]
2023-04-26T14:59:11.265Z [test] info: sending message to outbox queue
2023-04-26T14:59:11.265Z [test] info: request: {"context":{"domain":"dsep:courses","version":"1.0.0","action":"init","bap_id":"YASH-local-PS-BAP","bap_uri":"https://bitter-jars-see-223-178-213-59.loca.lt","bpp_id":"bpp.dsep.samagra.io","bpp_uri":"http://localhost:3002","transaction_id":"a9aaecca-10b7-4d19-b640-b047a7c62196","message_id":"449cb68d-c630-43c8-9dbf-2bd439cf0dbb","ttl":"PT10M","timestamp":"2023-04-26T14:59:11.258Z"},"message":{"order":{"id":"order_123546876","provider":{"id":"BANK 1","descriptor":{"name":"BANK 1"}},"items":[{"id":"1","descriptor":{"name":"LOAN PRODUCT"},"price":{"currency":"INR","value":"121345"},"provider":{"id":"BANK 1"},"tags":[{"block":"string","district":"string","loan_tenure":"string","interest_rate":0,"processing_charges":0,"display":true}]}],"fulfillmentes":[{"id":"fulfillment_id","type":"fulfillment_type","provider_id":"BANK 1","tracking":true,"agent":{"name":"John Doe"},"customer":{"person":{"name":"Alex Copper","dob":"1980-01-01","gender":"MALE","creds":[{"type":"education qualification","id":"12th marksheet number","url":"http://drive.google.com/link_to_doc.pdf"},{"type":"ror","id":"ror doc identifaction numnber","url":"http://drive.google.com/link_to_ror.pdf"},{"type":"aadhar card","id":"aadhar number","url":"http://drive.google.com/link_to_aadhar.pdf"},{"type":"any other ID proof (PAN Card)","id":"PAN Card number","url":"http://drive.google.com/link_to_PAN.pdf"}],"tags":[{"descriptor":{"short_desc":"Personal details of the loan applicant"},"list":[{"father-name":"Michael Jordan","marital-status":"SINGLE","spouse_name":"NA","social_category":"OBC","religion":"HINDU"}]}]}}}],"billing":{"address":"123/45 Some Street, Great City"},"payment":{"id":"payment_id","collected_by":"farmer_name","params":{"bank_code":"ABCD12345"},"tags":[{"descriptor":{"short_desc":"Additonal bank details"},"list":[{"PACS":"BANK PACS NAME"}]}]},"tags":[{"descriptor":{"short_desc":"Additonal Order Details"},"list":[{"crop_type":"rabi","land_cultivation_area":"1234","permanent_address":"123/45 Some Street, Great City"}],"display":true}],"type":"DEFAULT"}}}
2023-04-26T14:59:27.143Z [test] info: returning response from cache
2023-04-26T14:59:27.144Z [test] info: cachedResponse: [{"subscriber_id":"YASH-local-PS-BAP","subscriber_url":"https://4de3-2401-4900-1c6e-578a-4bca-7bf8-cfae-148a.in.ngrok.io","type":"BAP","signing_public_key":"Rny+51WWreKH3pP4yUy6Hjte+4ePbwy+eZxtpNudC4I=","valid_until":"2023-08-30T19:19:00.000Z"}]
2023-04-26T14:59:27.145Z [test] info: sending message to outbox queue
2023-04-26T14:59:27.145Z [test] info: request: {"context":{"domain":"dsep:courses","version":"1.0.0","action":"init","bap_id":"YASH-local-PS-BAP","bap_uri":"http://localhost:3000","bpp_id":"bpp.dsep.samagra.io","bpp_uri":"http://localhost:3002","transaction_id":"a9aaecca-10b7-4d19-b640-b047a7c62196","message_id":"fb79abef-84ae-4440-ba43-e67842f8f1d5","ttl":"PT10M","timestamp":"2023-04-26T14:59:27.142Z"},"message":{"order":{"id":"order_123546876","provider":{"id":"BANK 1","descriptor":{"name":"BANK 1"}},"items":[{"id":"1","descriptor":{"name":"LOAN PRODUCT"},"price":{"currency":"INR","value":"121345"},"provider":{"id":"BANK 1"},"tags":[{"block":"string","district":"string","loan_tenure":"string","interest_rate":0,"processing_charges":0,"display":true}]}],"fulfillmentes":[{"id":"fulfillment_id","type":"fulfillment_type","provider_id":"BANK 1","tracking":true,"agent":{"name":"John Doe"},"customer":{"person":{"name":"Alex Copper","dob":"1980-01-01","gender":"MALE","creds":[{"type":"education qualification","id":"12th marksheet number","url":"http://drive.google.com/link_to_doc.pdf"},{"type":"ror","id":"ror doc identifaction numnber","url":"http://drive.google.com/link_to_ror.pdf"},{"type":"aadhar card","id":"aadhar number","url":"http://drive.google.com/link_to_aadhar.pdf"},{"type":"any other ID proof (PAN Card)","id":"PAN Card number","url":"http://drive.google.com/link_to_PAN.pdf"}],"tags":[{"descriptor":{"short_desc":"Personal details of the loan applicant"},"list":[{"father-name":"Michael Jordan","marital-status":"SINGLE","spouse_name":"NA","social_category":"OBC","religion":"HINDU"}]}]}}}],"billing":{"address":"123/45 Some Street, Great City"},"payment":{"id":"payment_id","collected_by":"farmer_name","params":{"bank_code":"ABCD12345"},"tags":[{"descriptor":{"short_desc":"Additonal bank details"},"list":[{"PACS":"BANK PACS NAME"}]}]},"tags":[{"descriptor":{"short_desc":"Additonal Order Details"},"list":[{"crop_type":"rabi","land_cultivation_area":"1234","permanent_address":"123/45 Some Street, Great City"}],"display":true}],"type":"DEFAULT"}}}
2023-04-26T15:00:03.075Z [test] info: Mongo Client Connected For DB: ps
2023-04-26T15:00:03.128Z [test] info: MQ Client Connected For: 127.0.0.1
2023-04-26T15:00:03.135Z [test] info: Mongo Client Connected For DB: ps
2023-04-26T15:00:03.136Z [test] info: Redis Client Connected For DB: 11
2023-04-26T15:00:03.136Z [test] info: Lookup Cache Initialized...
2023-04-26T15:00:03.137Z [test] info: Redis Client Connected For DB: 12
2023-04-26T15:00:03.137Z [test] info: Request Cache Initialized...
2023-04-26T15:00:04.735Z [test] info: Protocol Server started on PORT : 5003
2023-04-26T15:00:04.736Z [test] info: Protocol Server Started Successfully
2023-04-26T15:00:04.737Z [test] info: Mode: BAP
2023-04-26T15:00:04.737Z [test] info: Gateway Type: CLIENT
2023-04-26T15:00:24.152Z [test] info: returning response from cache
2023-04-26T15:00:24.152Z [test] info: cachedResponse: [{"subscriber_id":"YASH-local-PS-BAP","subscriber_url":"https://4de3-2401-4900-1c6e-578a-4bca-7bf8-cfae-148a.in.ngrok.io","type":"BAP","signing_public_key":"Rny+51WWreKH3pP4yUy6Hjte+4ePbwy+eZxtpNudC4I=","valid_until":"2023-08-30T19:19:00.000Z"}]
2023-04-26T15:00:26.340Z [test] info: sending message to outbox queue
2023-04-26T15:00:26.341Z [test] info: request: {"context":{"domain":"dsep:courses","version":"1.0.0","action":"init","bap_id":"YASH-local-PS-BAP","bap_uri":"http://localhost:3000","bpp_id":"bpp.dsep.samagra.io","bpp_uri":"http://localhost:3002","transaction_id":"a9aaecca-10b7-4d19-b640-b047a7c62196","message_id":"359a1cac-bf9b-4754-bd28-c9b513a98df8","ttl":"PT10M","timestamp":"2023-04-26T15:00:24.148Z"},"message":{"order":{"id":"order_123546876","provider":{"id":"BANK 1","descriptor":{"name":"BANK 1"}},"items":[{"id":"1","descriptor":{"name":"LOAN PRODUCT"},"price":{"currency":"INR","value":"121345"},"provider":{"id":"BANK 1"},"tags":[{"block":"string","district":"string","loan_tenure":"string","interest_rate":0,"processing_charges":0,"display":true}]}],"fulfillmentes":[{"id":"fulfillment_id","type":"fulfillment_type","provider_id":"BANK 1","tracking":true,"agent":{"name":"John Doe"},"customer":{"person":{"name":"Alex Copper","dob":"1980-01-01","gender":"MALE","creds":[{"type":"education qualification","id":"12th marksheet number","url":"http://drive.google.com/link_to_doc.pdf"},{"type":"ror","id":"ror doc identifaction numnber","url":"http://drive.google.com/link_to_ror.pdf"},{"type":"aadhar card","id":"aadhar number","url":"http://drive.google.com/link_to_aadhar.pdf"},{"type":"any other ID proof (PAN Card)","id":"PAN Card number","url":"http://drive.google.com/link_to_PAN.pdf"}],"tags":[{"descriptor":{"short_desc":"Personal details of the loan applicant"},"list":[{"father-name":"Michael Jordan","marital-status":"SINGLE","spouse_name":"NA","social_category":"OBC","religion":"HINDU"}]}]}}}],"billing":{"address":"123/45 Some Street, Great City"},"payment":{"id":"payment_id","collected_by":"farmer_name","params":{"bank_code":"ABCD12345"},"tags":[{"descriptor":{"short_desc":"Additonal bank details"},"list":[{"PACS":"BANK PACS NAME"}]}]},"tags":[{"descriptor":{"short_desc":"Additonal Order Details"},"list":[{"crop_type":"rabi","land_cultivation_area":"1234","permanent_address":"123/45 Some Street, Great City"}],"display":true}],"type":"DEFAULT"}}}
2023-04-26T15:03:29.357Z [test] info: returning response from cache
2023-04-26T15:03:29.357Z [test] info: cachedResponse: [{"subscriber_id":"YASH-local-PS-BAP","subscriber_url":"https://4de3-2401-4900-1c6e-578a-4bca-7bf8-cfae-148a.in.ngrok.io","type":"BAP","signing_public_key":"Rny+51WWreKH3pP4yUy6Hjte+4ePbwy+eZxtpNudC4I=","valid_until":"2023-08-30T19:19:00.000Z"}]
2023-04-26T15:03:29.360Z [test] info: sending message to outbox queue
2023-04-26T15:03:29.360Z [test] info: request: {"context":{"domain":"dsep:courses","version":"1.0.0","action":"init","bap_id":"YASH-local-PS-BAP","bap_uri":"http://localhost:3010","bpp_id":"bpp.dsep.samagra.io","bpp_uri":"http://localhost:3002","transaction_id":"a9aaecca-10b7-4d19-b640-b047a7c62196","message_id":"6f62e747-1deb-4d9b-9437-2a584adc0fb4","ttl":"PT10M","timestamp":"2023-04-26T15:03:29.353Z"},"message":{"order":{"id":"order_123546876","provider":{"id":"BANK 1","descriptor":{"name":"BANK 1"}},"items":[{"id":"1","descriptor":{"name":"LOAN PRODUCT"},"price":{"currency":"INR","value":"121345"},"provider":{"id":"BANK 1"},"tags":[{"block":"string","district":"string","loan_tenure":"string","interest_rate":0,"processing_charges":0,"display":true}]}],"fulfillmentes":[{"id":"fulfillment_id","type":"fulfillment_type","provider_id":"BANK 1","tracking":true,"agent":{"name":"John Doe"},"customer":{"person":{"name":"Alex Copper","dob":"1980-01-01","gender":"MALE","creds":[{"type":"education qualification","id":"12th marksheet number","url":"http://drive.google.com/link_to_doc.pdf"},{"type":"ror","id":"ror doc identifaction numnber","url":"http://drive.google.com/link_to_ror.pdf"},{"type":"aadhar card","id":"aadhar number","url":"http://drive.google.com/link_to_aadhar.pdf"},{"type":"any other ID proof (PAN Card)","id":"PAN Card number","url":"http://drive.google.com/link_to_PAN.pdf"}],"tags":[{"descriptor":{"short_desc":"Personal details of the loan applicant"},"list":[{"father-name":"Michael Jordan","marital-status":"SINGLE","spouse_name":"NA","social_category":"OBC","religion":"HINDU"}]}]}}}],"billing":{"address":"123/45 Some Street, Great City"},"payment":{"id":"payment_id","collected_by":"farmer_name","params":{"bank_code":"ABCD12345"},"tags":[{"descriptor":{"short_desc":"Additonal bank details"},"list":[{"PACS":"BANK PACS NAME"}]}]},"tags":[{"descriptor":{"short_desc":"Additonal Order Details"},"list":[{"crop_type":"rabi","land_cultivation_area":"1234","permanent_address":"123/45 Some Street, Great City"}],"display":true}],"type":"DEFAULT"}}}
2023-04-26T15:11:03.263Z [test] info: Mongo Client Connected For DB: ps
2023-04-26T15:11:03.320Z [test] info: MQ Client Connected For: 127.0.0.1
2023-04-26T15:11:03.331Z [test] info: Mongo Client Connected For DB: ps
2023-04-26T15:11:03.333Z [test] info: Redis Client Connected For DB: 11
2023-04-26T15:11:03.333Z [test] info: Lookup Cache Initialized...
2023-04-26T15:11:03.333Z [test] info: Redis Client Connected For DB: 12
2023-04-26T15:11:03.334Z [test] info: Request Cache Initialized...
2023-04-26T15:11:04.530Z [test] info: Protocol Server started on PORT : 5003
2023-04-26T15:11:04.531Z [test] info: Protocol Server Started Successfully
2023-04-26T15:11:04.531Z [test] info: Mode: BAP
2023-04-26T15:11:04.531Z [test] info: Gateway Type: CLIENT
2023-04-26T15:11:19.043Z [test] info: returning response from cache
2023-04-26T15:11:19.043Z [test] info: cachedResponse: [{"subscriber_id":"YASH-local-PS-BAP","subscriber_url":"https://4de3-2401-4900-1c6e-578a-4bca-7bf8-cfae-148a.in.ngrok.io","type":"BAP","signing_public_key":"Rny+51WWreKH3pP4yUy6Hjte+4ePbwy+eZxtpNudC4I=","valid_until":"2023-08-30T19:19:00.000Z"}]
2023-04-26T15:11:21.221Z [test] info: sending message to outbox queue
2023-04-26T15:11:21.222Z [test] info: request: {"context":{"domain":"dsep:courses","version":"1.0.0","action":"init","bap_id":"YASH-local-PS-BAP","bap_uri":"http://localhost:3010","bpp_id":"bpp.dsep.samagra.io","bpp_uri":"http://localhost:3002","transaction_id":"a9aaecca-10b7-4d19-b640-b047a7c62196","message_id":"3c487cde-f955-4564-8050-20358b5c674c","ttl":"PT10M","timestamp":"2023-04-26T15:11:19.040Z"},"message":{"order":{"id":"order_123546876","provider":{"id":"BANK 1","descriptor":{"name":"BANK 1"}},"items":[{"id":"1","descriptor":{"name":"LOAN PRODUCT"},"price":{"currency":"INR","value":"121345"},"provider":{"id":"BANK 1"},"tags":[{"block":"string","district":"string","loan_tenure":"string","interest_rate":0,"processing_charges":0,"display":true}]}],"fulfillmentes":[{"id":"fulfillment_id","type":"fulfillment_type","provider_id":"BANK 1","tracking":true,"agent":{"name":"John Doe"},"customer":{"person":{"name":"Alex Copper","dob":"1980-01-01","gender":"MALE","creds":[{"type":"education qualification","id":"12th marksheet number","url":"http://drive.google.com/link_to_doc.pdf"},{"type":"ror","id":"ror doc identifaction numnber","url":"http://drive.google.com/link_to_ror.pdf"},{"type":"aadhar card","id":"aadhar number","url":"http://drive.google.com/link_to_aadhar.pdf"},{"type":"any other ID proof (PAN Card)","id":"PAN Card number","url":"http://drive.google.com/link_to_PAN.pdf"}],"tags":[{"descriptor":{"short_desc":"Personal details of the loan applicant"},"list":[{"father-name":"Michael Jordan","marital-status":"SINGLE","spouse_name":"NA","social_category":"OBC","religion":"HINDU"}]}]}}}],"billing":{"address":"123/45 Some Street, Great City"},"payment":{"id":"payment_id","collected_by":"farmer_name","params":{"bank_code":"ABCD12345"},"tags":[{"descriptor":{"short_desc":"Additonal bank details"},"list":[{"PACS":"BANK PACS NAME"}]}]},"tags":[{"descriptor":{"short_desc":"Additonal Order Details"},"list":[{"crop_type":"rabi","land_cultivation_area":"1234","permanent_address":"123/45 Some Street, Great City"}],"display":true}],"type":"DEFAULT"}}}
2023-04-26T15:14:46.826Z [test] info: Mongo Client Connected For DB: ps
2023-04-26T15:14:46.883Z [test] info: MQ Client Connected For: 127.0.0.1
2023-04-26T15:14:46.890Z [test] info: Mongo Client Connected For DB: ps
2023-04-26T15:14:46.892Z [test] info: Redis Client Connected For DB: 11
2023-04-26T15:14:46.892Z [test] info: Lookup Cache Initialized...
2023-04-26T15:14:46.892Z [test] info: Redis Client Connected For DB: 12
2023-04-26T15:14:46.893Z [test] info: Request Cache Initialized...
2023-04-26T15:14:48.316Z [test] info: Protocol Server started on PORT : 5003
2023-04-26T15:14:48.316Z [test] info: Protocol Server Started Successfully
2023-04-26T15:14:48.316Z [test] info: Mode: BAP
2023-04-26T15:14:48.316Z [test] info: Gateway Type: CLIENT
2023-04-26T15:15:00.191Z [test] info: Mongo Client Connected For DB: ps
2023-04-26T15:15:00.262Z [test] info: MQ Client Connected For: 127.0.0.1
2023-04-26T15:15:00.274Z [test] info: Mongo Client Connected For DB: ps
2023-04-26T15:15:00.276Z [test] info: Redis Client Connected For DB: 11
2023-04-26T15:15:00.277Z [test] info: Lookup Cache Initialized...
2023-04-26T15:15:00.278Z [test] info: Redis Client Connected For DB: 12
2023-04-26T15:15:00.278Z [test] info: Request Cache Initialized...
2023-04-26T15:15:02.361Z [test] info: Protocol Server started on PORT : 5003
2023-04-26T15:15:02.362Z [test] info: Protocol Server Started Successfully
2023-04-26T15:15:02.362Z [test] info: Mode: BAP
2023-04-26T15:15:02.362Z [test] info: Gateway Type: CLIENT
2023-04-26T15:15:39.552Z [test] info: 
Looking Up in registry...!

2023-04-26T15:15:39.897Z [test] info: subscribers: [{"subscriber_id":"YASH-local-PS-BAP","subscriber_url":"http://localhost:3010","type":"BAP","signing_public_key":"Rny+51WWreKH3pP4yUy6Hjte+4ePbwy+eZxtpNudC4I=","valid_until":"2023-08-30T19:19:00.000Z"}]
2023-04-26T15:15:42.308Z [test] info: sending message to outbox queue
2023-04-26T15:15:42.308Z [test] info: request: {"context":{"domain":"dsep:courses","version":"1.0.0","action":"init","bap_id":"YASH-local-PS-BAP","bap_uri":"http://localhost:3010","bpp_id":"bpp.dsep.samagra.io","bpp_uri":"http://localhost:3002","transaction_id":"a9aaecca-10b7-4d19-b640-b047a7c62196","message_id":"ad76c91d-121b-4f33-b677-0613f3514d80","ttl":"PT10M","timestamp":"2023-04-26T15:15:39.550Z"},"message":{"order":{"id":"order_123546876","provider":{"id":"BANK 1","descriptor":{"name":"BANK 1"}},"items":[{"id":"1","descriptor":{"name":"LOAN PRODUCT"},"price":{"currency":"INR","value":"121345"},"provider":{"id":"BANK 1"},"tags":[{"block":"string","district":"string","loan_tenure":"string","interest_rate":0,"processing_charges":0,"display":true}]}],"fulfillmentes":[{"id":"fulfillment_id","type":"fulfillment_type","provider_id":"BANK 1","tracking":true,"agent":{"name":"John Doe"},"customer":{"person":{"name":"Alex Copper","dob":"1980-01-01","gender":"MALE","creds":[{"type":"education qualification","id":"12th marksheet number","url":"http://drive.google.com/link_to_doc.pdf"},{"type":"ror","id":"ror doc identifaction numnber","url":"http://drive.google.com/link_to_ror.pdf"},{"type":"aadhar card","id":"aadhar number","url":"http://drive.google.com/link_to_aadhar.pdf"},{"type":"any other ID proof (PAN Card)","id":"PAN Card number","url":"http://drive.google.com/link_to_PAN.pdf"}],"tags":[{"descriptor":{"short_desc":"Personal details of the loan applicant"},"list":[{"father-name":"Michael Jordan","marital-status":"SINGLE","spouse_name":"NA","social_category":"OBC","religion":"HINDU"}]}]}}}],"billing":{"address":"123/45 Some Street, Great City"},"payment":{"id":"payment_id","collected_by":"farmer_name","params":{"bank_code":"ABCD12345"},"tags":[{"descriptor":{"short_desc":"Additonal bank details"},"list":[{"PACS":"BANK PACS NAME"}]}]},"tags":[{"descriptor":{"short_desc":"Additonal Order Details"},"list":[{"crop_type":"rabi","land_cultivation_area":"1234","permanent_address":"123/45 Some Street, Great City"}],"display":true}],"type":"DEFAULT"}}}
2023-04-26T15:16:36.361Z [test] info: Mongo Client Connected For DB: ps
2023-04-26T15:16:36.417Z [test] info: MQ Client Connected For: 127.0.0.1
2023-04-26T15:16:36.424Z [test] info: Mongo Client Connected For DB: ps
2023-04-26T15:16:36.427Z [test] info: Redis Client Connected For DB: 11
2023-04-26T15:16:36.427Z [test] info: Lookup Cache Initialized...
2023-04-26T15:16:36.428Z [test] info: Redis Client Connected For DB: 12
2023-04-26T15:16:36.428Z [test] info: Request Cache Initialized...
2023-04-26T15:16:38.168Z [test] info: Protocol Server started on PORT : 5003
2023-04-26T15:16:38.168Z [test] info: Protocol Server Started Successfully
2023-04-26T15:16:38.168Z [test] info: Mode: BAP
2023-04-26T15:16:38.169Z [test] info: Gateway Type: CLIENT
2023-04-26T15:16:51.583Z [test] info: 
Looking Up in registry...!

2023-04-26T15:16:51.759Z [test] info: subscribers: [{"subscriber_id":"YASH-local-PS-BAP","subscriber_url":"http://localhost:3010","type":"BAP","signing_public_key":"Rny+51WWreKH3pP4yUy6Hjte+4ePbwy+eZxtpNudC4I=","valid_until":"2023-08-30T19:19:00.000Z"}]
2023-04-26T15:16:54.320Z [test] info: sending message to outbox queue
2023-04-26T15:16:54.321Z [test] info: request: {"context":{"domain":"dsep:courses","version":"1.0.0","action":"init","bap_id":"YASH-local-PS-BAP","bap_uri":"http://localhost:3010","bpp_id":"bpp.dsep.samagra.io","bpp_uri":"http://localhost:3002","transaction_id":"a9aaecca-10b7-4d19-b640-b047a7c62196","message_id":"3004caea-a2ea-4572-b684-a30b25620d27","ttl":"PT10M","timestamp":"2023-04-26T15:16:51.581Z"},"message":{"order":{"id":"order_123546876","provider":{"id":"BANK 1","descriptor":{"name":"BANK 1"}},"items":[{"id":"1","descriptor":{"name":"LOAN PRODUCT"},"price":{"currency":"INR","value":"121345"},"provider":{"id":"BANK 1"},"tags":[{"block":"string","district":"string","loan_tenure":"string","interest_rate":0,"processing_charges":0,"display":true}]}],"fulfillmentes":[{"id":"fulfillment_id","type":"fulfillment_type","provider_id":"BANK 1","tracking":true,"agent":{"name":"John Doe"},"customer":{"person":{"name":"Alex Copper","dob":"1980-01-01","gender":"MALE","creds":[{"type":"education qualification","id":"12th marksheet number","url":"http://drive.google.com/link_to_doc.pdf"},{"type":"ror","id":"ror doc identifaction numnber","url":"http://drive.google.com/link_to_ror.pdf"},{"type":"aadhar card","id":"aadhar number","url":"http://drive.google.com/link_to_aadhar.pdf"},{"type":"any other ID proof (PAN Card)","id":"PAN Card number","url":"http://drive.google.com/link_to_PAN.pdf"}],"tags":[{"descriptor":{"short_desc":"Personal details of the loan applicant"},"list":[{"father-name":"Michael Jordan","marital-status":"SINGLE","spouse_name":"NA","social_category":"OBC","religion":"HINDU"}]}]}}}],"billing":{"address":"123/45 Some Street, Great City"},"payment":{"id":"payment_id","collected_by":"farmer_name","params":{"bank_code":"ABCD12345"},"tags":[{"descriptor":{"short_desc":"Additonal bank details"},"list":[{"PACS":"BANK PACS NAME"}]}]},"tags":[{"descriptor":{"short_desc":"Additonal Order Details"},"list":[{"crop_type":"rabi","land_cultivation_area":"1234","permanent_address":"123/45 Some Street, Great City"}],"display":true}],"type":"DEFAULT"}}}
2023-04-26T15:17:39.005Z [test] info: 
Looking Up in registry...!

2023-04-26T15:17:39.158Z [test] info: subscribers: [{"subscriber_id":"YASH-local-PS-BAP","subscriber_url":"http://localhost:3010","type":"BAP","signing_public_key":"Rny+51WWreKH3pP4yUy6Hjte+4ePbwy+eZxtpNudC4I=","valid_until":"2023-08-30T19:19:00.000Z"}]
2023-04-26T15:17:39.165Z [test] info: sending message to outbox queue
2023-04-26T15:17:39.166Z [test] info: request: {"context":{"domain":"dsep:courses","version":"1.0.0","action":"init","bap_id":"YASH-local-PS-BAP","bap_uri":"http://localhost:3010","bpp_id":"yash-bpp","bpp_uri":"http://localhost:3002","transaction_id":"a9aaecca-10b7-4d19-b640-b047a7c62196","message_id":"c61a2d78-86ba-434d-aedf-cab46f74bc6c","ttl":"PT10M","timestamp":"2023-04-26T15:17:39.003Z"},"message":{"order":{"id":"order_123546876","provider":{"id":"BANK 1","descriptor":{"name":"BANK 1"}},"items":[{"id":"1","descriptor":{"name":"LOAN PRODUCT"},"price":{"currency":"INR","value":"121345"},"provider":{"id":"BANK 1"},"tags":[{"block":"string","district":"string","loan_tenure":"string","interest_rate":0,"processing_charges":0,"display":true}]}],"fulfillmentes":[{"id":"fulfillment_id","type":"fulfillment_type","provider_id":"BANK 1","tracking":true,"agent":{"name":"John Doe"},"customer":{"person":{"name":"Alex Copper","dob":"1980-01-01","gender":"MALE","creds":[{"type":"education qualification","id":"12th marksheet number","url":"http://drive.google.com/link_to_doc.pdf"},{"type":"ror","id":"ror doc identifaction numnber","url":"http://drive.google.com/link_to_ror.pdf"},{"type":"aadhar card","id":"aadhar number","url":"http://drive.google.com/link_to_aadhar.pdf"},{"type":"any other ID proof (PAN Card)","id":"PAN Card number","url":"http://drive.google.com/link_to_PAN.pdf"}],"tags":[{"descriptor":{"short_desc":"Personal details of the loan applicant"},"list":[{"father-name":"Michael Jordan","marital-status":"SINGLE","spouse_name":"NA","social_category":"OBC","religion":"HINDU"}]}]}}}],"billing":{"address":"123/45 Some Street, Great City"},"payment":{"id":"payment_id","collected_by":"farmer_name","params":{"bank_code":"ABCD12345"},"tags":[{"descriptor":{"short_desc":"Additonal bank details"},"list":[{"PACS":"BANK PACS NAME"}]}]},"tags":[{"descriptor":{"short_desc":"Additonal Order Details"},"list":[{"crop_type":"rabi","land_cultivation_area":"1234","permanent_address":"123/45 Some Street, Great City"}],"display":true}],"type":"DEFAULT"}}}
2023-04-26T15:18:12.652Z [test] info: 
Looking Up in registry...!

2023-04-26T15:18:12.793Z [test] info: subscribers: [{"subscriber_id":"YASH-local-PS-BAP","subscriber_url":"http://localhost:3010","type":"BAP","signing_public_key":"Rny+51WWreKH3pP4yUy6Hjte+4ePbwy+eZxtpNudC4I=","valid_until":"2023-08-30T19:19:00.000Z"}]
2023-04-26T15:18:12.797Z [test] info: sending message to outbox queue
2023-04-26T15:18:12.797Z [test] info: request: {"context":{"domain":"dsep:courses","version":"1.0.0","action":"init","bap_id":"YASH-local-PS-BAP","bap_uri":"http://localhost:3010","bpp_id":"bpp.dsep.samagra.io","bpp_uri":"http://localhost:3002","transaction_id":"a9aaecca-10b7-4d19-b640-b047a7c62196","message_id":"65a2b202-1167-47aa-93eb-a86d9425f5d1","ttl":"PT10M","timestamp":"2023-04-26T15:18:12.651Z"},"message":{"order":{"id":"order_123546876","provider":{"id":"BANK 1","descriptor":{"name":"BANK 1"}},"items":[{"id":"1","descriptor":{"name":"LOAN PRODUCT"},"price":{"currency":"INR","value":"121345"},"provider":{"id":"BANK 1"},"tags":[{"block":"string","district":"string","loan_tenure":"string","interest_rate":0,"processing_charges":0,"display":true}]}],"fulfillmentes":[{"id":"fulfillment_id","type":"fulfillment_type","provider_id":"BANK 1","tracking":true,"agent":{"name":"John Doe"},"customer":{"person":{"name":"Alex Copper","dob":"1980-01-01","gender":"MALE","creds":[{"type":"education qualification","id":"12th marksheet number","url":"http://drive.google.com/link_to_doc.pdf"},{"type":"ror","id":"ror doc identifaction numnber","url":"http://drive.google.com/link_to_ror.pdf"},{"type":"aadhar card","id":"aadhar number","url":"http://drive.google.com/link_to_aadhar.pdf"},{"type":"any other ID proof (PAN Card)","id":"PAN Card number","url":"http://drive.google.com/link_to_PAN.pdf"}],"tags":[{"descriptor":{"short_desc":"Personal details of the loan applicant"},"list":[{"father-name":"Michael Jordan","marital-status":"SINGLE","spouse_name":"NA","social_category":"OBC","religion":"HINDU"}]}]}}}],"billing":{"address":"123/45 Some Street, Great City"},"payment":{"id":"payment_id","collected_by":"farmer_name","params":{"bank_code":"ABCD12345"},"tags":[{"descriptor":{"short_desc":"Additonal bank details"},"list":[{"PACS":"BANK PACS NAME"}]}]},"tags":[{"descriptor":{"short_desc":"Additonal Order Details"},"list":[{"crop_type":"rabi","land_cultivation_area":"1234","permanent_address":"123/45 Some Street, Great City"}],"display":true}],"type":"DEFAULT"}}}
2023-04-26T15:22:23.240Z [test] info: Mongo Client Connected For DB: ps
2023-04-26T15:22:23.324Z [test] info: MQ Client Connected For: 127.0.0.1
2023-04-26T15:22:23.340Z [test] info: Mongo Client Connected For DB: ps
2023-04-26T15:22:23.343Z [test] info: Redis Client Connected For DB: 11
2023-04-26T15:22:23.343Z [test] info: Lookup Cache Initialized...
2023-04-26T15:22:23.344Z [test] info: Redis Client Connected For DB: 12
2023-04-26T15:22:23.344Z [test] info: Request Cache Initialized...
2023-04-26T15:22:25.498Z [test] info: Protocol Server started on PORT : 5003
2023-04-26T15:22:25.498Z [test] info: Protocol Server Started Successfully
2023-04-26T15:22:25.499Z [test] info: Mode: BAP
2023-04-26T15:22:25.499Z [test] info: Gateway Type: CLIENT
2023-04-26T15:22:43.037Z [test] info: 
Looking Up in registry...!

2023-04-26T15:22:43.225Z [test] info: subscribers: [{"subscriber_id":"YASH-local-PS-BAP","subscriber_url":"http://localhost:3010","type":"BAP","signing_public_key":"Rny+51WWreKH3pP4yUy6Hjte+4ePbwy+eZxtpNudC4I=","valid_until":"2023-08-30T19:19:00.000Z"}]
2023-04-26T15:22:45.652Z [test] info: sending message to outbox queue
2023-04-26T15:22:45.653Z [test] info: request: {"context":{"domain":"dsep:courses","version":"1.0.0","action":"init","bap_id":"YASH-local-PS-BAP","bap_uri":"http://localhost:3010","bpp_id":"Yas-local-PS-BPP","bpp_uri":"http://localhost:3002","transaction_id":"a9aaecca-10b7-4d19-b640-b047a7c62196","message_id":"9f592e06-9baa-4be5-ab92-bdad532febe5","ttl":"PT10M","timestamp":"2023-04-26T15:22:43.035Z"},"message":{"order":{"id":"order_123546876","provider":{"id":"BANK 1","descriptor":{"name":"BANK 1"}},"items":[{"id":"1","descriptor":{"name":"LOAN PRODUCT"},"price":{"currency":"INR","value":"121345"},"provider":{"id":"BANK 1"},"tags":[{"block":"string","district":"string","loan_tenure":"string","interest_rate":0,"processing_charges":0,"display":true}]}],"fulfillmentes":[{"id":"fulfillment_id","type":"fulfillment_type","provider_id":"BANK 1","tracking":true,"agent":{"name":"John Doe"},"customer":{"person":{"name":"Alex Copper","dob":"1980-01-01","gender":"MALE","creds":[{"type":"education qualification","id":"12th marksheet number","url":"http://drive.google.com/link_to_doc.pdf"},{"type":"ror","id":"ror doc identifaction numnber","url":"http://drive.google.com/link_to_ror.pdf"},{"type":"aadhar card","id":"aadhar number","url":"http://drive.google.com/link_to_aadhar.pdf"},{"type":"any other ID proof (PAN Card)","id":"PAN Card number","url":"http://drive.google.com/link_to_PAN.pdf"}],"tags":[{"descriptor":{"short_desc":"Personal details of the loan applicant"},"list":[{"father-name":"Michael Jordan","marital-status":"SINGLE","spouse_name":"NA","social_category":"OBC","religion":"HINDU"}]}]}}}],"billing":{"address":"123/45 Some Street, Great City"},"payment":{"id":"payment_id","collected_by":"farmer_name","params":{"bank_code":"ABCD12345"},"tags":[{"descriptor":{"short_desc":"Additonal bank details"},"list":[{"PACS":"BANK PACS NAME"}]}]},"tags":[{"descriptor":{"short_desc":"Additonal Order Details"},"list":[{"crop_type":"rabi","land_cultivation_area":"1234","permanent_address":"123/45 Some Street, Great City"}],"display":true}],"type":"DEFAULT"}}}
2023-04-26T15:23:19.048Z [test] info: 
Looking Up in registry...!

2023-04-26T15:23:19.198Z [test] info: subscribers: [{"subscriber_id":"YASH-local-PS-BAP","subscriber_url":"http://localhost:3010","type":"BAP","signing_public_key":"Rny+51WWreKH3pP4yUy6Hjte+4ePbwy+eZxtpNudC4I=","valid_until":"2023-08-30T19:19:00.000Z"}]
2023-04-26T15:23:19.203Z [test] info: sending message to outbox queue
2023-04-26T15:23:19.203Z [test] info: request: {"context":{"domain":"dsep:courses","version":"1.0.0","action":"init","bap_id":"YASH-local-PS-BAP","bap_uri":"http://localhost:3010","bpp_id":"Yas-local-PS-BPP","bpp_uri":"http://localhost:3002","transaction_id":"a9aaecca-10b7-4d19-b640-b047a7c62196","message_id":"51b305db-aa31-4e18-82a9-f0de6b873181","ttl":"PT10M","timestamp":"2023-04-26T15:23:19.045Z"},"message":{"order":{"id":"order_123546876","provider":{"id":"BANK 1","descriptor":{"name":"BANK 1"}},"items":[{"id":"1","descriptor":{"name":"LOAN PRODUCT"},"price":{"currency":"INR","value":"121345"},"provider":{"id":"BANK 1"},"tags":[{"block":"string","district":"string","loan_tenure":"string","interest_rate":0,"processing_charges":0,"display":true}]}],"fulfillmentes":[{"id":"fulfillment_id","type":"fulfillment_type","provider_id":"BANK 1","tracking":true,"agent":{"name":"John Doe"},"customer":{"person":{"name":"Alex Copper","dob":"1980-01-01","gender":"MALE","creds":[{"type":"education qualification","id":"12th marksheet number","url":"http://drive.google.com/link_to_doc.pdf"},{"type":"ror","id":"ror doc identifaction numnber","url":"http://drive.google.com/link_to_ror.pdf"},{"type":"aadhar card","id":"aadhar number","url":"http://drive.google.com/link_to_aadhar.pdf"},{"type":"any other ID proof (PAN Card)","id":"PAN Card number","url":"http://drive.google.com/link_to_PAN.pdf"}],"tags":[{"descriptor":{"short_desc":"Personal details of the loan applicant"},"list":[{"father-name":"Michael Jordan","marital-status":"SINGLE","spouse_name":"NA","social_category":"OBC","religion":"HINDU"}]}]}}}],"billing":{"address":"123/45 Some Street, Great City"},"payment":{"id":"payment_id","collected_by":"farmer_name","params":{"bank_code":"ABCD12345"},"tags":[{"descriptor":{"short_desc":"Additonal bank details"},"list":[{"PACS":"BANK PACS NAME"}]}]},"tags":[{"descriptor":{"short_desc":"Additonal Order Details"},"list":[{"crop_type":"rabi","land_cultivation_area":"1234","permanent_address":"123/45 Some Street, Great City"}],"display":true}],"type":"DEFAULT"}}}
2023-04-26T15:28:51.924Z [test] info: 
Looking Up in registry...!

2023-04-26T15:28:52.070Z [test] info: subscribers: [{"subscriber_id":"YASH-local-PS-BAP","subscriber_url":"http://localhost:3010","type":"BAP","signing_public_key":"Rny+51WWreKH3pP4yUy6Hjte+4ePbwy+eZxtpNudC4I=","valid_until":"2023-08-30T19:19:00.000Z"}]
2023-04-26T15:28:52.072Z [test] info: sending message to outbox queue
2023-04-26T15:28:52.072Z [test] info: request: {"context":{"domain":"dsep:courses","version":"1.0.0","action":"init","bap_id":"YASH-local-PS-BAP","bap_uri":"http://localhost:3010","bpp_id":"Yas-local-PS-BPP","bpp_uri":"http://localhost:3002","transaction_id":"a9aaecca-10b7-4d19-b640-b047a7c62196","message_id":"02c80e55-ea3e-4775-af69-98d2e65ae3e5","ttl":"PT10M","timestamp":"2023-04-26T15:28:51.923Z"},"message":{"order":{"id":"order_123546876","provider":{"id":"BANK 1","descriptor":{"name":"BANK 1"}},"items":[{"id":"1","descriptor":{"name":"LOAN PRODUCT"},"price":{"currency":"INR","value":"121345"},"provider":{"id":"BANK 1"},"tags":[{"block":"string","district":"string","loan_tenure":"string","interest_rate":0,"processing_charges":0,"display":true}]}],"fulfillmentes":[{"id":"fulfillment_id","type":"fulfillment_type","provider_id":"BANK 1","tracking":true,"agent":{"name":"John Doe"},"customer":{"person":{"name":"Alex Copper","dob":"1980-01-01","gender":"MALE","creds":[{"type":"education qualification","id":"12th marksheet number","url":"http://drive.google.com/link_to_doc.pdf"},{"type":"ror","id":"ror doc identifaction numnber","url":"http://drive.google.com/link_to_ror.pdf"},{"type":"aadhar card","id":"aadhar number","url":"http://drive.google.com/link_to_aadhar.pdf"},{"type":"any other ID proof (PAN Card)","id":"PAN Card number","url":"http://drive.google.com/link_to_PAN.pdf"}],"tags":[{"descriptor":{"short_desc":"Personal details of the loan applicant"},"list":[{"father-name":"Michael Jordan","marital-status":"SINGLE","spouse_name":"NA","social_category":"OBC","religion":"HINDU"}]}]}}}],"billing":{"address":"123/45 Some Street, Great City"},"payment":{"id":"payment_id","collected_by":"farmer_name","params":{"bank_code":"ABCD12345"},"tags":[{"descriptor":{"short_desc":"Additonal bank details"},"list":[{"PACS":"BANK PACS NAME"}]}]},"tags":[{"descriptor":{"short_desc":"Additonal Order Details"},"list":[{"crop_type":"rabi","land_cultivation_area":"1234","permanent_address":"123/45 Some Street, Great City"}],"display":true}],"type":"DEFAULT"}}}
2023-04-26T15:29:20.810Z [test] info: 
Looking Up in registry...!

2023-04-26T15:29:20.947Z [test] info: subscribers: [{"subscriber_id":"YASH-local-PS-BAP","subscriber_url":"http://localhost:3010","type":"BAP","signing_public_key":"Rny+51WWreKH3pP4yUy6Hjte+4ePbwy+eZxtpNudC4I=","valid_until":"2023-08-30T19:19:00.000Z"}]
2023-04-26T15:29:20.950Z [test] info: sending message to outbox queue
2023-04-26T15:29:20.951Z [test] info: request: {"context":{"domain":"dsep:courses","version":"1.0.0","action":"init","bap_id":"YASH-local-PS-BAP","bap_uri":"http://localhost:3010","bpp_id":"bpp.dsep.samagra.io","bpp_uri":"http://localhost:3002","transaction_id":"a9aaecca-10b7-4d19-b640-b047a7c62196","message_id":"028f121a-95dc-4550-9a65-b3657ee85abd","ttl":"PT10M","timestamp":"2023-04-26T15:29:20.809Z"},"message":{"order":{"id":"order_123546876","provider":{"id":"BANK 1","descriptor":{"name":"BANK 1"}},"items":[{"id":"1","descriptor":{"name":"LOAN PRODUCT"},"price":{"currency":"INR","value":"121345"},"provider":{"id":"BANK 1"},"tags":[{"block":"string","district":"string","loan_tenure":"string","interest_rate":0,"processing_charges":0,"display":true}]}],"fulfillmentes":[{"id":"fulfillment_id","type":"fulfillment_type","provider_id":"BANK 1","tracking":true,"agent":{"name":"John Doe"},"customer":{"person":{"name":"Alex Copper","dob":"1980-01-01","gender":"MALE","creds":[{"type":"education qualification","id":"12th marksheet number","url":"http://drive.google.com/link_to_doc.pdf"},{"type":"ror","id":"ror doc identifaction numnber","url":"http://drive.google.com/link_to_ror.pdf"},{"type":"aadhar card","id":"aadhar number","url":"http://drive.google.com/link_to_aadhar.pdf"},{"type":"any other ID proof (PAN Card)","id":"PAN Card number","url":"http://drive.google.com/link_to_PAN.pdf"}],"tags":[{"descriptor":{"short_desc":"Personal details of the loan applicant"},"list":[{"father-name":"Michael Jordan","marital-status":"SINGLE","spouse_name":"NA","social_category":"OBC","religion":"HINDU"}]}]}}}],"billing":{"address":"123/45 Some Street, Great City"},"payment":{"id":"payment_id","collected_by":"farmer_name","params":{"bank_code":"ABCD12345"},"tags":[{"descriptor":{"short_desc":"Additonal bank details"},"list":[{"PACS":"BANK PACS NAME"}]}]},"tags":[{"descriptor":{"short_desc":"Additonal Order Details"},"list":[{"crop_type":"rabi","land_cultivation_area":"1234","permanent_address":"123/45 Some Street, Great City"}],"display":true}],"type":"DEFAULT"}}}
