2023-04-26T15:37:04.498Z [test] info: Mongo Client Connected For DB: ps
2023-04-26T15:37:04.556Z [test] info: MQ Client Connected For: 127.0.0.1
2023-04-26T15:37:04.567Z [test] info: Mongo Client Connected For DB: ps
2023-04-26T15:37:04.569Z [test] info: Redis Client Connected For DB: 11
2023-04-26T15:37:04.570Z [test] info: Lookup Cache Initialized...
2023-04-26T15:37:04.570Z [test] info: Redis Client Connected For DB: 12
2023-04-26T15:37:04.570Z [test] info: Request Cache Initialized...
2023-04-26T15:37:06.726Z [test] info: Protocol Server started on PORT : 5003
2023-04-26T15:37:06.727Z [test] info: Protocol Server Started Successfully
2023-04-26T15:37:06.727Z [test] info: Mode: BAP
2023-04-26T15:37:06.727Z [test] info: Gateway Type: CLIENT
2023-04-26T15:37:29.803Z [test] info: Mongo Client Connected For DB: ps
2023-04-26T15:37:29.859Z [test] info: MQ Client Connected For: 127.0.0.1
2023-04-26T15:37:29.867Z [test] info: Mongo Client Connected For DB: ps
2023-04-26T15:37:29.869Z [test] info: Redis Client Connected For DB: 11
2023-04-26T15:37:29.870Z [test] info: Lookup Cache Initialized...
2023-04-26T15:37:29.870Z [test] info: Redis Client Connected For DB: 12
2023-04-26T15:37:29.870Z [test] info: Request Cache Initialized...
2023-04-26T15:37:31.942Z [test] info: Protocol Server started on PORT : 5003
2023-04-26T15:37:31.943Z [test] info: Protocol Server Started Successfully
2023-04-26T15:37:31.943Z [test] info: Mode: BAP
2023-04-26T15:37:31.943Z [test] info: Gateway Type: CLIENT
2023-04-26T15:37:43.653Z [test] info: 
Looking Up in registry...!

2023-04-26T15:37:43.830Z [test] info: subscribers: [{"subscriber_id":"YASH-local-PS-BAP","subscriber_url":"http://localhost:3010","type":"BAP","signing_public_key":"Rny+51WWreKH3pP4yUy6Hjte+4ePbwy+eZxtpNudC4I=","valid_until":"2023-08-30T19:19:00.000Z"}]
2023-04-26T15:37:46.257Z [test] info: sending message to outbox queue
2023-04-26T15:37:46.258Z [test] info: request: {"context":{"domain":"dsep:courses","version":"1.0.0","action":"init","bap_id":"YASH-local-PS-BAP","bap_uri":"http://localhost:3010","bpp_id":"Yas-local-PS-BPP","bpp_uri":"http://localhost:3002","transaction_id":"a9aaecca-10b7-4d19-b640-b047a7c62196","message_id":"9bd94ede-059c-40f0-a348-03916954a7cf","ttl":"PT10M","timestamp":"2023-04-26T15:37:43.651Z"},"message":{"order":{"id":"order_123546876","provider":{"id":"BANK 1","descriptor":{"name":"BANK 1"}},"items":[{"id":"1","descriptor":{"name":"LOAN PRODUCT"},"price":{"currency":"INR","value":"121345"},"provider":{"id":"BANK 1"},"tags":[{"block":"string","district":"string","loan_tenure":"string","interest_rate":0,"processing_charges":0,"display":true}]}],"fulfillmentes":[{"id":"fulfillment_id","type":"fulfillment_type","provider_id":"BANK 1","tracking":true,"agent":{"name":"John Doe"},"customer":{"person":{"name":"Alex Copper","dob":"1980-01-01","gender":"MALE","creds":[{"type":"education qualification","id":"12th marksheet number","url":"http://drive.google.com/link_to_doc.pdf"},{"type":"ror","id":"ror doc identifaction numnber","url":"http://drive.google.com/link_to_ror.pdf"},{"type":"aadhar card","id":"aadhar number","url":"http://drive.google.com/link_to_aadhar.pdf"},{"type":"any other ID proof (PAN Card)","id":"PAN Card number","url":"http://drive.google.com/link_to_PAN.pdf"}],"tags":[{"descriptor":{"short_desc":"Personal details of the loan applicant"},"list":[{"father-name":"Michael Jordan","marital-status":"SINGLE","spouse_name":"NA","social_category":"OBC","religion":"HINDU"}]}]}}}],"billing":{"address":"123/45 Some Street, Great City"},"payment":{"id":"payment_id","collected_by":"farmer_name","params":{"bank_code":"ABCD12345"},"tags":[{"descriptor":{"short_desc":"Additonal bank details"},"list":[{"PACS":"BANK PACS NAME"}]}]},"tags":[{"descriptor":{"short_desc":"Additonal Order Details"},"list":[{"crop_type":"rabi","land_cultivation_area":"1234","permanent_address":"123/45 Some Street, Great City"}],"display":true}],"type":"DEFAULT"}}}
2023-04-26T15:40:20.867Z [test] info: 
Looking Up in registry...!

2023-04-26T15:40:21.085Z [test] info: subscribers: [{"subscriber_id":"YASH-local-PS-BAP","subscriber_url":"http://localhost:3010","type":"BAP","signing_public_key":"Rny+51WWreKH3pP4yUy6Hjte+4ePbwy+eZxtpNudC4I=","valid_until":"2023-08-30T19:19:00.000Z"}]
2023-04-26T15:40:21.091Z [test] info: sending message to outbox queue
2023-04-26T15:40:21.091Z [test] info: request: {"context":{"domain":"dsep:courses","version":"1.0.0","action":"init","bap_id":"YASH-local-PS-BAP","bap_uri":"http://localhost:3010","bpp_id":"bpp.dsep.samagra.io","bpp_uri":"http://localhost:3002","transaction_id":"a9aaecca-10b7-4d19-b640-b047a7c62196","message_id":"c46bc280-430c-4e5f-b6a3-0cb80c083136","ttl":"PT10M","timestamp":"2023-04-26T15:40:20.865Z"},"message":{"order":{"id":"order_123546876","provider":{"id":"BANK 1","descriptor":{"name":"BANK 1"}},"items":[{"id":"1","descriptor":{"name":"LOAN PRODUCT"},"price":{"currency":"INR","value":"121345"},"provider":{"id":"BANK 1"},"tags":[{"block":"string","district":"string","loan_tenure":"string","interest_rate":0,"processing_charges":0,"display":true}]}],"fulfillmentes":[{"id":"fulfillment_id","type":"fulfillment_type","provider_id":"BANK 1","tracking":true,"agent":{"name":"John Doe"},"customer":{"person":{"name":"Alex Copper","dob":"1980-01-01","gender":"MALE","creds":[{"type":"education qualification","id":"12th marksheet number","url":"http://drive.google.com/link_to_doc.pdf"},{"type":"ror","id":"ror doc identifaction numnber","url":"http://drive.google.com/link_to_ror.pdf"},{"type":"aadhar card","id":"aadhar number","url":"http://drive.google.com/link_to_aadhar.pdf"},{"type":"any other ID proof (PAN Card)","id":"PAN Card number","url":"http://drive.google.com/link_to_PAN.pdf"}],"tags":[{"descriptor":{"short_desc":"Personal details of the loan applicant"},"list":[{"father-name":"Michael Jordan","marital-status":"SINGLE","spouse_name":"NA","social_category":"OBC","religion":"HINDU"}]}]}}}],"billing":{"address":"123/45 Some Street, Great City"},"payment":{"id":"payment_id","collected_by":"farmer_name","params":{"bank_code":"ABCD12345"},"tags":[{"descriptor":{"short_desc":"Additonal bank details"},"list":[{"PACS":"BANK PACS NAME"}]}]},"tags":[{"descriptor":{"short_desc":"Additonal Order Details"},"list":[{"crop_type":"rabi","land_cultivation_area":"1234","permanent_address":"123/45 Some Street, Great City"}],"display":true}],"type":"DEFAULT"}}}
2023-04-26T15:41:59.021Z [test] info: 
Looking Up in registry...!

2023-04-26T15:41:59.165Z [test] info: subscribers: [{"subscriber_id":"YASH-local-PS-BAP","subscriber_url":"http://localhost:3010","type":"BAP","signing_public_key":"Rny+51WWreKH3pP4yUy6Hjte+4ePbwy+eZxtpNudC4I=","valid_until":"2023-08-30T19:19:00.000Z"}]
2023-04-26T15:41:59.167Z [test] info: sending message to outbox queue
2023-04-26T15:41:59.167Z [test] info: request: {"context":{"domain":"dsep:courses","version":"1.0.0","action":"init","bap_id":"YASH-local-PS-BAP","bap_uri":"http://localhost:3010","bpp_id":"bpp.dsep.samagra.io","bpp_uri":"http://localhost:3002","transaction_id":"a9aaecca-10b7-4d19-b640-b047a7c62196","message_id":"32f4ccda-9fc3-48ce-a6ae-26f83b08fadf","ttl":"PT10M","timestamp":"2023-04-26T15:41:59.020Z"},"message":{"order":{"id":"order_123546876","provider":{"id":"BANK 1","descriptor":{"name":"BANK 1"}},"items":[{"id":"1","descriptor":{"name":"LOAN PRODUCT"},"price":{"currency":"INR","value":"121345"},"provider":{"id":"BANK 1"},"tags":[{"block":"string","district":"string","loan_tenure":"string","interest_rate":0,"processing_charges":0,"display":true}]}],"fulfillmentes":[{"id":"fulfillment_id","type":"fulfillment_type","provider_id":"BANK 1","tracking":true,"agent":{"name":"John Doe"},"customer":{"person":{"name":"Alex Copper","dob":"1980-01-01","gender":"MALE","creds":[{"type":"education qualification","id":"12th marksheet number","url":"http://drive.google.com/link_to_doc.pdf"},{"type":"ror","id":"ror doc identifaction numnber","url":"http://drive.google.com/link_to_ror.pdf"},{"type":"aadhar card","id":"aadhar number","url":"http://drive.google.com/link_to_aadhar.pdf"},{"type":"any other ID proof (PAN Card)","id":"PAN Card number","url":"http://drive.google.com/link_to_PAN.pdf"}],"tags":[{"descriptor":{"short_desc":"Personal details of the loan applicant"},"list":[{"father-name":"Michael Jordan","marital-status":"SINGLE","spouse_name":"NA","social_category":"OBC","religion":"HINDU"}]}]}}}],"billing":{"address":"123/45 Some Street, Great City"},"payment":{"id":"payment_id","collected_by":"farmer_name","params":{"bank_code":"ABCD12345"},"tags":[{"descriptor":{"short_desc":"Additonal bank details"},"list":[{"PACS":"BANK PACS NAME"}]}]},"tags":[{"descriptor":{"short_desc":"Additonal Order Details"},"list":[{"crop_type":"rabi","land_cultivation_area":"1234","permanent_address":"123/45 Some Street, Great City"}],"display":true}],"type":"DEFAULT"}}}
2023-04-26T15:42:33.008Z [test] info: 
Looking Up in registry...!

2023-04-26T15:42:33.153Z [test] info: subscribers: [{"subscriber_id":"YASH-local-PS-BAP","subscriber_url":"http://localhost:3010","type":"BAP","signing_public_key":"Rny+51WWreKH3pP4yUy6Hjte+4ePbwy+eZxtpNudC4I=","valid_until":"2023-08-30T19:19:00.000Z"}]
2023-04-26T15:42:33.156Z [test] info: sending message to outbox queue
2023-04-26T15:42:33.156Z [test] info: request: {"context":{"domain":"dsep:courses","version":"1.0.0","action":"init","bap_id":"YASH-local-PS-BAP","bap_uri":"http://localhost:3010","bpp_id":"bpp.dsep.samagra.io","bpp_uri":"http://localhost:3002","transaction_id":"a9aaecca-10b7-4d19-b640-b047a7c62196","message_id":"dc1c28cd-6e88-4c98-9f04-a33e746d28a5","ttl":"PT10M","timestamp":"2023-04-26T15:42:33.007Z"},"message":{"order":{"id":"order_123546876","provider":{"id":"BANK 1","descriptor":{"name":"BANK 1"}},"items":[{"id":"1","descriptor":{"name":"LOAN PRODUCT"},"price":{"currency":"INR","value":"121345"},"provider":{"id":"BANK 1"},"tags":[{"block":"string","district":"string","loan_tenure":"string","interest_rate":0,"processing_charges":0,"display":true}]}],"fulfillmentes":[{"id":"fulfillment_id","type":"fulfillment_type","provider_id":"BANK 1","tracking":true,"agent":{"name":"John Doe"},"customer":{"person":{"name":"Alex Copper","dob":"1980-01-01","gender":"MALE","creds":[{"type":"education qualification","id":"12th marksheet number","url":"http://drive.google.com/link_to_doc.pdf"},{"type":"ror","id":"ror doc identifaction numnber","url":"http://drive.google.com/link_to_ror.pdf"},{"type":"aadhar card","id":"aadhar number","url":"http://drive.google.com/link_to_aadhar.pdf"},{"type":"any other ID proof (PAN Card)","id":"PAN Card number","url":"http://drive.google.com/link_to_PAN.pdf"}],"tags":[{"descriptor":{"short_desc":"Personal details of the loan applicant"},"list":[{"father-name":"Michael Jordan","marital-status":"SINGLE","spouse_name":"NA","social_category":"OBC","religion":"HINDU"}]}]}}}],"billing":{"address":"123/45 Some Street, Great City"},"payment":{"id":"payment_id","collected_by":"farmer_name","params":{"bank_code":"ABCD12345"},"tags":[{"descriptor":{"short_desc":"Additonal bank details"},"list":[{"PACS":"BANK PACS NAME"}]}]},"tags":[{"descriptor":{"short_desc":"Additonal Order Details"},"list":[{"crop_type":"rabi","land_cultivation_area":"1234","permanent_address":"123/45 Some Street, Great City"}],"display":true}],"type":"DEFAULT"}}}
2023-04-26T15:42:52.547Z [test] info: 
Looking Up in registry...!

2023-04-26T15:42:52.687Z [test] info: subscribers: [{"subscriber_id":"YASH-local-PS-BAP","subscriber_url":"http://localhost:3010","type":"BAP","signing_public_key":"Rny+51WWreKH3pP4yUy6Hjte+4ePbwy+eZxtpNudC4I=","valid_until":"2023-08-30T19:19:00.000Z"}]
2023-04-26T15:42:52.688Z [test] info: sending message to outbox queue
2023-04-26T15:42:52.689Z [test] info: request: {"context":{"domain":"dsep:courses","version":"1.0.0","action":"init","bap_id":"YASH-local-PS-BAP","bap_uri":"http://localhost:3010","bpp_id":"bpp.dsep.samagra.io","bpp_uri":"http://localhost:3002","transaction_id":"a9aaecca-10b7-4d19-b640-b047a7c62196","message_id":"0727d357-5021-4c96-a1b7-4482d8e90604","ttl":"PT10M","timestamp":"2023-04-26T15:42:52.546Z"},"message":{"order":{"id":"order_123546876","provider":{"id":"BANK 1","descriptor":{"name":"BANK 1"}},"items":[{"id":"1","descriptor":{"name":"LOAN PRODUCT"},"price":{"currency":"INR","value":"121345"},"provider":{"id":"BANK 1"},"tags":[{"block":"string","district":"string","loan_tenure":"string","interest_rate":0,"processing_charges":0,"display":true}]}],"fulfillmentes":[{"id":"fulfillment_id","type":"fulfillment_type","provider_id":"BANK 1","tracking":true,"agent":{"name":"John Doe"},"customer":{"person":{"name":"Alex Copper","dob":"1980-01-01","gender":"MALE","creds":[{"type":"education qualification","id":"12th marksheet number","url":"http://drive.google.com/link_to_doc.pdf"},{"type":"ror","id":"ror doc identifaction numnber","url":"http://drive.google.com/link_to_ror.pdf"},{"type":"aadhar card","id":"aadhar number","url":"http://drive.google.com/link_to_aadhar.pdf"},{"type":"any other ID proof (PAN Card)","id":"PAN Card number","url":"http://drive.google.com/link_to_PAN.pdf"}],"tags":[{"descriptor":{"short_desc":"Personal details of the loan applicant"},"list":[{"father-name":"Michael Jordan","marital-status":"SINGLE","spouse_name":"NA","social_category":"OBC","religion":"HINDU"}]}]}}}],"billing":{"address":"123/45 Some Street, Great City"},"payment":{"id":"payment_id","collected_by":"farmer_name","params":{"bank_code":"ABCD12345"},"tags":[{"descriptor":{"short_desc":"Additonal bank details"},"list":[{"PACS":"BANK PACS NAME"}]}]},"tags":[{"descriptor":{"short_desc":"Additonal Order Details"},"list":[{"crop_type":"rabi","land_cultivation_area":"1234","permanent_address":"123/45 Some Street, Great City"}],"display":true}],"type":"DEFAULT"}}}
2023-04-26T15:43:56.891Z [test] info: 
Looking Up in registry...!

2023-04-26T15:43:57.036Z [test] info: subscribers: [{"subscriber_id":"YASH-local-PS-BAP","subscriber_url":"http://localhost:3010","type":"BAP","signing_public_key":"Rny+51WWreKH3pP4yUy6Hjte+4ePbwy+eZxtpNudC4I=","valid_until":"2023-08-30T19:19:00.000Z"}]
2023-04-26T15:43:57.037Z [test] info: sending message to outbox queue
2023-04-26T15:43:57.037Z [test] info: request: {"context":{"domain":"dsep:courses","version":"1.0.0","action":"init","bap_id":"YASH-local-PS-BAP","bap_uri":"https://eozedewgw0o120g.m.pipedream.net","bpp_id":"bpp.dsep.samagra.io","bpp_uri":"http://localhost:3002","transaction_id":"a9aaecca-10b7-4d19-b640-b047a7c62196","message_id":"265d3731-dab8-47d3-9cf6-d5ef6134bea6","ttl":"PT10M","timestamp":"2023-04-26T15:43:56.891Z"},"message":{"order":{"id":"order_123546876","provider":{"id":"BANK 1","descriptor":{"name":"BANK 1"}},"items":[{"id":"1","descriptor":{"name":"LOAN PRODUCT"},"price":{"currency":"INR","value":"121345"},"provider":{"id":"BANK 1"},"tags":[{"block":"string","district":"string","loan_tenure":"string","interest_rate":0,"processing_charges":0,"display":true}]}],"fulfillmentes":[{"id":"fulfillment_id","type":"fulfillment_type","provider_id":"BANK 1","tracking":true,"agent":{"name":"John Doe"},"customer":{"person":{"name":"Alex Copper","dob":"1980-01-01","gender":"MALE","creds":[{"type":"education qualification","id":"12th marksheet number","url":"http://drive.google.com/link_to_doc.pdf"},{"type":"ror","id":"ror doc identifaction numnber","url":"http://drive.google.com/link_to_ror.pdf"},{"type":"aadhar card","id":"aadhar number","url":"http://drive.google.com/link_to_aadhar.pdf"},{"type":"any other ID proof (PAN Card)","id":"PAN Card number","url":"http://drive.google.com/link_to_PAN.pdf"}],"tags":[{"descriptor":{"short_desc":"Personal details of the loan applicant"},"list":[{"father-name":"Michael Jordan","marital-status":"SINGLE","spouse_name":"NA","social_category":"OBC","religion":"HINDU"}]}]}}}],"billing":{"address":"123/45 Some Street, Great City"},"payment":{"id":"payment_id","collected_by":"farmer_name","params":{"bank_code":"ABCD12345"},"tags":[{"descriptor":{"short_desc":"Additonal bank details"},"list":[{"PACS":"BANK PACS NAME"}]}]},"tags":[{"descriptor":{"short_desc":"Additonal Order Details"},"list":[{"crop_type":"rabi","land_cultivation_area":"1234","permanent_address":"123/45 Some Street, Great City"}],"display":true}],"type":"DEFAULT"}}}
2023-04-26T15:45:39.791Z [test] info: Mongo Client Connected For DB: ps
2023-04-26T15:45:39.851Z [test] info: MQ Client Connected For: 127.0.0.1
2023-04-26T15:45:39.859Z [test] info: Mongo Client Connected For DB: ps
2023-04-26T15:45:39.861Z [test] info: Redis Client Connected For DB: 11
2023-04-26T15:45:39.862Z [test] info: Lookup Cache Initialized...
2023-04-26T15:45:39.862Z [test] info: Redis Client Connected For DB: 12
2023-04-26T15:45:39.862Z [test] info: Request Cache Initialized...
2023-04-26T15:45:41.473Z [test] info: Protocol Server started on PORT : 5003
2023-04-26T15:45:41.473Z [test] info: Protocol Server Started Successfully
2023-04-26T15:45:41.474Z [test] info: Mode: BAP
2023-04-26T15:45:41.474Z [test] info: Gateway Type: CLIENT
2023-04-26T15:46:02.130Z [test] info: 
Looking Up in registry...!

2023-04-26T15:46:02.377Z [test] info: subscribers: [{"subscriber_id":"YASH-local-PS-BAP","subscriber_url":"http://localhost:3010","type":"BAP","signing_public_key":"Rny+51WWreKH3pP4yUy6Hjte+4ePbwy+eZxtpNudC4I=","valid_until":"2023-08-30T19:19:00.000Z"}]
2023-04-26T15:46:04.945Z [test] info: sending message to outbox queue
2023-04-26T15:46:04.945Z [test] info: request: {"context":{"domain":"dsep:courses","version":"1.0.0","action":"init","bap_id":"YASH-local-PS-BAP","bap_uri":"https://eozedewgw0o120g.m.pipedream.net","bpp_id":"bpp.dsep.samagra.io","bpp_uri":"http://localhost:3002","transaction_id":"a9aaecca-10b7-4d19-b640-b047a7c62196","message_id":"c900de23-0d6d-4e69-b6a7-a2bb5b2c80c8","ttl":"PT10M","timestamp":"2023-04-26T15:46:02.126Z"},"message":{"order":{"id":"order_123546876","provider":{"id":"BANK 1","descriptor":{"name":"BANK 1"}},"items":[{"id":"1","descriptor":{"name":"LOAN PRODUCT"},"price":{"currency":"INR","value":"121345"},"provider":{"id":"BANK 1"},"tags":[{"block":"string","district":"string","loan_tenure":"string","interest_rate":0,"processing_charges":0,"display":true}]}],"fulfillmentes":[{"id":"fulfillment_id","type":"fulfillment_type","provider_id":"BANK 1","tracking":true,"agent":{"name":"John Doe"},"customer":{"person":{"name":"Alex Copper","dob":"1980-01-01","gender":"MALE","creds":[{"type":"education qualification","id":"12th marksheet number","url":"http://drive.google.com/link_to_doc.pdf"},{"type":"ror","id":"ror doc identifaction numnber","url":"http://drive.google.com/link_to_ror.pdf"},{"type":"aadhar card","id":"aadhar number","url":"http://drive.google.com/link_to_aadhar.pdf"},{"type":"any other ID proof (PAN Card)","id":"PAN Card number","url":"http://drive.google.com/link_to_PAN.pdf"}],"tags":[{"descriptor":{"short_desc":"Personal details of the loan applicant"},"list":[{"father-name":"Michael Jordan","marital-status":"SINGLE","spouse_name":"NA","social_category":"OBC","religion":"HINDU"}]}]}}}],"billing":{"address":"123/45 Some Street, Great City"},"payment":{"id":"payment_id","collected_by":"farmer_name","params":{"bank_code":"ABCD12345"},"tags":[{"descriptor":{"short_desc":"Additonal bank details"},"list":[{"PACS":"BANK PACS NAME"}]}]},"tags":[{"descriptor":{"short_desc":"Additonal Order Details"},"list":[{"crop_type":"rabi","land_cultivation_area":"1234","permanent_address":"123/45 Some Street, Great City"}],"display":true}],"type":"DEFAULT"}}}
2023-04-26T15:47:39.526Z [test] info: Mongo Client Connected For DB: ps
2023-04-26T15:47:39.586Z [test] info: MQ Client Connected For: 127.0.0.1
2023-04-26T15:47:39.594Z [test] info: Mongo Client Connected For DB: ps
2023-04-26T15:47:39.596Z [test] info: Redis Client Connected For DB: 11
2023-04-26T15:47:39.596Z [test] info: Lookup Cache Initialized...
2023-04-26T15:47:39.597Z [test] info: Redis Client Connected For DB: 12
2023-04-26T15:47:39.598Z [test] info: Request Cache Initialized...
2023-04-26T15:47:41.093Z [test] info: Protocol Server started on PORT : 5003
2023-04-26T15:47:41.093Z [test] info: Protocol Server Started Successfully
2023-04-26T15:47:41.093Z [test] info: Mode: BAP
2023-04-26T15:47:41.094Z [test] info: Gateway Type: CLIENT
2023-04-26T15:47:43.549Z [test] info: returning response from cache
2023-04-26T15:47:43.550Z [test] info: cachedResponse: [{"subscriber_id":"YASH-local-PS-BAP","subscriber_url":"http://localhost:3010","type":"BAP","signing_public_key":"Rny+51WWreKH3pP4yUy6Hjte+4ePbwy+eZxtpNudC4I=","valid_until":"2023-08-30T19:19:00.000Z"}]
2023-04-26T15:47:46.118Z [test] info: sending message to outbox queue
2023-04-26T15:47:46.118Z [test] info: request: {"context":{"domain":"dsep:courses","version":"1.0.0","action":"init","bap_id":"YASH-local-PS-BAP","bap_uri":"https://eozedewgw0o120g.m.pipedream.net","bpp_id":"bpp.dsep.samagra.io","bpp_uri":"http://localhost:3002","transaction_id":"a9aaecca-10b7-4d19-b640-b047a7c62196","message_id":"170239ab-faea-4219-80a6-7ac24320d4b2","ttl":"PT10M","timestamp":"2023-04-26T15:47:43.545Z"},"message":{"order":{"id":"order_123546876","provider":{"id":"BANK 1","descriptor":{"name":"BANK 1"}},"items":[{"id":"1","descriptor":{"name":"LOAN PRODUCT"},"price":{"currency":"INR","value":"121345"},"provider":{"id":"BANK 1"},"tags":[{"block":"string","district":"string","loan_tenure":"string","interest_rate":0,"processing_charges":0,"display":true}]}],"fulfillmentes":[{"id":"fulfillment_id","type":"fulfillment_type","provider_id":"BANK 1","tracking":true,"agent":{"name":"John Doe"},"customer":{"person":{"name":"Alex Copper","dob":"1980-01-01","gender":"MALE","creds":[{"type":"education qualification","id":"12th marksheet number","url":"http://drive.google.com/link_to_doc.pdf"},{"type":"ror","id":"ror doc identifaction numnber","url":"http://drive.google.com/link_to_ror.pdf"},{"type":"aadhar card","id":"aadhar number","url":"http://drive.google.com/link_to_aadhar.pdf"},{"type":"any other ID proof (PAN Card)","id":"PAN Card number","url":"http://drive.google.com/link_to_PAN.pdf"}],"tags":[{"descriptor":{"short_desc":"Personal details of the loan applicant"},"list":[{"father-name":"Michael Jordan","marital-status":"SINGLE","spouse_name":"NA","social_category":"OBC","religion":"HINDU"}]}]}}}],"billing":{"address":"123/45 Some Street, Great City"},"payment":{"id":"payment_id","collected_by":"farmer_name","params":{"bank_code":"ABCD12345"},"tags":[{"descriptor":{"short_desc":"Additonal bank details"},"list":[{"PACS":"BANK PACS NAME"}]}]},"tags":[{"descriptor":{"short_desc":"Additonal Order Details"},"list":[{"crop_type":"rabi","land_cultivation_area":"1234","permanent_address":"123/45 Some Street, Great City"}],"display":true}],"type":"DEFAULT"}}}
2023-04-26T15:50:05.127Z [test] info: returning response from cache
2023-04-26T15:50:05.127Z [test] info: cachedResponse: [{"subscriber_id":"YASH-local-PS-BAP","subscriber_url":"http://localhost:3010","type":"BAP","signing_public_key":"Rny+51WWreKH3pP4yUy6Hjte+4ePbwy+eZxtpNudC4I=","valid_until":"2023-08-30T19:19:00.000Z"}]
2023-04-26T15:50:05.130Z [test] info: sending message to outbox queue
2023-04-26T15:50:05.130Z [test] info: request: {"context":{"domain":"dsep:courses","version":"1.0.0","action":"init","bap_id":"YASH-local-PS-BAP","bap_uri":"https://eozedewgw0o120g.m.pipedream.net","bpp_id":"bpp.dsep.samagra.io","bpp_uri":"http://localhost:3002","transaction_id":"a9aaecca-10b7-4d19-b640-b047a7c62196","message_id":"0482a38f-90c5-43f2-82e2-8b5bb804e0ce","ttl":"PT10M","timestamp":"2023-04-26T15:50:05.123Z"},"message":{"order":{"id":"order_123546876","provider":{"id":"BANK 1","descriptor":{"name":"BANK 1"}},"items":[{"id":"1","descriptor":{"name":"LOAN PRODUCT"},"price":{"currency":"INR","value":"121345"},"provider":{"id":"BANK 1"},"tags":[{"block":"string","district":"string","loan_tenure":"string","interest_rate":0,"processing_charges":0,"display":true}]}],"fulfillmentes":[{"id":"fulfillment_id","type":"fulfillment_type","provider_id":"BANK 1","tracking":true,"agent":{"name":"John Doe"},"customer":{"person":{"name":"Alex Copper","dob":"1980-01-01","gender":"MALE","creds":[{"type":"education qualification","id":"12th marksheet number","url":"http://drive.google.com/link_to_doc.pdf"},{"type":"ror","id":"ror doc identifaction numnber","url":"http://drive.google.com/link_to_ror.pdf"},{"type":"aadhar card","id":"aadhar number","url":"http://drive.google.com/link_to_aadhar.pdf"},{"type":"any other ID proof (PAN Card)","id":"PAN Card number","url":"http://drive.google.com/link_to_PAN.pdf"}],"tags":[{"descriptor":{"short_desc":"Personal details of the loan applicant"},"list":[{"father-name":"Michael Jordan","marital-status":"SINGLE","spouse_name":"NA","social_category":"OBC","religion":"HINDU"}]}]}}}],"billing":{"address":"123/45 Some Street, Great City"},"payment":{"id":"payment_id","collected_by":"farmer_name","params":{"bank_code":"ABCD12345"},"tags":[{"descriptor":{"short_desc":"Additonal bank details"},"list":[{"PACS":"BANK PACS NAME"}]}]},"tags":[{"descriptor":{"short_desc":"Additonal Order Details"},"list":[{"crop_type":"rabi","land_cultivation_area":"1234","permanent_address":"123/45 Some Street, Great City"}],"display":true}],"type":"DEFAULT"}}}
2023-04-26T15:52:22.460Z [test] info: returning response from cache
2023-04-26T15:52:22.460Z [test] info: cachedResponse: [{"subscriber_id":"YASH-local-PS-BAP","subscriber_url":"http://localhost:3010","type":"BAP","signing_public_key":"Rny+51WWreKH3pP4yUy6Hjte+4ePbwy+eZxtpNudC4I=","valid_until":"2023-08-30T19:19:00.000Z"}]
2023-04-26T15:52:23.744Z [test] info: sending message to outbox queue
2023-04-26T15:52:23.744Z [test] info: request: {"context":{"domain":"dsep:courses","version":"1.0.0","action":"search","bap_id":"YASH-local-PS-BAP","bap_uri":"https://eozedewgw0o120g.m.pipedream.net","bpp_id":"bpp.dsep.samagra.io","bpp_uri":"http://localhost:3002","transaction_id":"a9aaecca-10b7-4d19-b640-b047a7c62196","message_id":"8eda4091-fb93-4a7e-97ee-d4e17f5c4943","ttl":"PT10M","timestamp":"2023-04-26T15:52:22.459Z"},"message":{"intent":{"tags":[{"block":"","district":"","bank_name":"","display":true}]}}}
2023-04-26T15:53:27.153Z [test] info: returning response from cache
2023-04-26T15:53:27.153Z [test] info: cachedResponse: [{"subscriber_id":"YASH-local-PS-BAP","subscriber_url":"http://localhost:3010","type":"BAP","signing_public_key":"Rny+51WWreKH3pP4yUy6Hjte+4ePbwy+eZxtpNudC4I=","valid_until":"2023-08-30T19:19:00.000Z"}]
2023-04-26T15:53:27.156Z [test] info: sending message to outbox queue
2023-04-26T15:53:27.157Z [test] info: request: {"context":{"domain":"dsep:courses","version":"1.0.0","action":"search","bap_id":"YASH-local-PS-BAP","bap_uri":"https://eozedewgw0o120g.m.pipedream.net","bpp_id":"bpp.dsep.samagra.io","bpp_uri":"http://localhost:3002","transaction_id":"a9aaecca-10b7-4d19-b640-b047a7c62196","message_id":"e18e3d9d-46e9-4451-8798-56ab9f27c707","ttl":"PT10M","timestamp":"2023-04-26T15:53:27.148Z"},"message":{"intent":{"tags":[{"block":"","district":"","bank_name":"","display":true}]}}}
2023-04-26T15:58:05.341Z [test] info: returning response from cache
2023-04-26T15:58:05.341Z [test] info: cachedResponse: [{"subscriber_id":"YASH-local-PS-BAP","subscriber_url":"http://localhost:3010","type":"BAP","signing_public_key":"Rny+51WWreKH3pP4yUy6Hjte+4ePbwy+eZxtpNudC4I=","valid_until":"2023-08-30T19:19:00.000Z"}]
2023-04-26T15:58:05.424Z [test] info: sending message to outbox queue
2023-04-26T15:58:05.425Z [test] info: request: {"context":{"domain":"dsep:courses","version":"1.0.0","action":"init","bap_id":"YASH-local-PS-BAP","bap_uri":"https://eozedewgw0o120g.m.pipedream.net","bpp_id":"bpp.dsep.samagra.io","bpp_uri":"http://localhost:3002","transaction_id":"a9aaecca-10b7-4d19-b640-b047a7c62196","message_id":"89acb604-f0a0-4a53-b178-3cbcb25e13ab","ttl":"PT10M","timestamp":"2023-04-26T15:58:05.339Z"},"message":{"order":{"id":"order_123546876","provider":{"id":"BANK 1","descriptor":{"name":"BANK 1"}},"items":[{"id":"1","descriptor":{"name":"LOAN PRODUCT"},"price":{"currency":"INR","value":"121345"},"provider":{"id":"BANK 1"},"tags":[{"block":"string","district":"string","loan_tenure":"string","interest_rate":0,"processing_charges":0,"display":true}]}],"fulfillmentes":[{"id":"fulfillment_id","type":"fulfillment_type","provider_id":"BANK 1","tracking":true,"agent":{"name":"John Doe"},"customer":{"person":{"name":"Alex Copper","dob":"1980-01-01","gender":"MALE","creds":[{"type":"education qualification","id":"12th marksheet number","url":"http://drive.google.com/link_to_doc.pdf"},{"type":"ror","id":"ror doc identifaction numnber","url":"http://drive.google.com/link_to_ror.pdf"},{"type":"aadhar card","id":"aadhar number","url":"http://drive.google.com/link_to_aadhar.pdf"},{"type":"any other ID proof (PAN Card)","id":"PAN Card number","url":"http://drive.google.com/link_to_PAN.pdf"}],"tags":[{"descriptor":{"short_desc":"Personal details of the loan applicant"},"list":[{"father-name":"Michael Jordan","marital-status":"SINGLE","spouse_name":"NA","social_category":"OBC","religion":"HINDU"}]}]}}}],"billing":{"address":"123/45 Some Street, Great City"},"payment":{"id":"payment_id","collected_by":"farmer_name","params":{"bank_code":"ABCD12345"},"tags":[{"descriptor":{"short_desc":"Additonal bank details"},"list":[{"PACS":"BANK PACS NAME"}]}]},"tags":[{"descriptor":{"short_desc":"Additonal Order Details"},"list":[{"crop_type":"rabi","land_cultivation_area":"1234","permanent_address":"123/45 Some Street, Great City"}],"display":true}],"type":"DEFAULT"}}}
2023-04-26T15:58:55.040Z [test] info: Mongo Client Connected For DB: ps
2023-04-26T15:58:55.104Z [test] info: MQ Client Connected For: 127.0.0.1
2023-04-26T15:58:55.113Z [test] info: Mongo Client Connected For DB: ps
2023-04-26T15:58:55.115Z [test] info: Redis Client Connected For DB: 11
2023-04-26T15:58:55.115Z [test] info: Lookup Cache Initialized...
2023-04-26T15:58:55.116Z [test] info: Redis Client Connected For DB: 12
2023-04-26T15:58:55.116Z [test] info: Request Cache Initialized...
2023-04-26T15:58:56.603Z [test] info: Protocol Server started on PORT : 5003
2023-04-26T15:58:56.604Z [test] info: Protocol Server Started Successfully
2023-04-26T15:58:56.604Z [test] info: Mode: BAP
2023-04-26T15:58:56.604Z [test] info: Gateway Type: CLIENT
2023-04-26T15:59:01.128Z [test] info: returning response from cache
2023-04-26T15:59:01.129Z [test] info: cachedResponse: [{"subscriber_id":"YASH-local-PS-BAP","subscriber_url":"http://localhost:3010","type":"BAP","signing_public_key":"Rny+51WWreKH3pP4yUy6Hjte+4ePbwy+eZxtpNudC4I=","valid_until":"2023-08-30T19:19:00.000Z"}]
2023-04-26T15:59:03.525Z [test] info: sending message to outbox queue
2023-04-26T15:59:03.525Z [test] info: request: {"context":{"domain":"dsep:courses","version":"1.0.0","action":"init","bap_id":"YASH-local-PS-BAP","bap_uri":"https://eozedewgw0o120g.m.pipedream.net","bpp_id":"bpp.dsep.samagra.io","bpp_uri":"http://localhost:3002","transaction_id":"a9aaecca-10b7-4d19-b640-b047a7c62196","message_id":"0b155c14-e49a-44d3-aef9-27e1bec7e41e","ttl":"PT10M","timestamp":"2023-04-26T15:59:01.125Z"},"message":{"order":{"id":"order_123546876","provider":{"id":"BANK 1","descriptor":{"name":"BANK 1"}},"items":[{"id":"1","descriptor":{"name":"LOAN PRODUCT"},"price":{"currency":"INR","value":"121345"},"provider":{"id":"BANK 1"},"tags":[{"block":"string","district":"string","loan_tenure":"string","interest_rate":0,"processing_charges":0,"display":true}]}],"fulfillmentes":[{"id":"fulfillment_id","type":"fulfillment_type","provider_id":"BANK 1","tracking":true,"agent":{"name":"John Doe"},"customer":{"person":{"name":"Alex Copper","dob":"1980-01-01","gender":"MALE","creds":[{"type":"education qualification","id":"12th marksheet number","url":"http://drive.google.com/link_to_doc.pdf"},{"type":"ror","id":"ror doc identifaction numnber","url":"http://drive.google.com/link_to_ror.pdf"},{"type":"aadhar card","id":"aadhar number","url":"http://drive.google.com/link_to_aadhar.pdf"},{"type":"any other ID proof (PAN Card)","id":"PAN Card number","url":"http://drive.google.com/link_to_PAN.pdf"}],"tags":[{"descriptor":{"short_desc":"Personal details of the loan applicant"},"list":[{"father-name":"Michael Jordan","marital-status":"SINGLE","spouse_name":"NA","social_category":"OBC","religion":"HINDU"}]}]}}}],"billing":{"address":"123/45 Some Street, Great City"},"payment":{"id":"payment_id","collected_by":"farmer_name","params":{"bank_code":"ABCD12345"},"tags":[{"descriptor":{"short_desc":"Additonal bank details"},"list":[{"PACS":"BANK PACS NAME"}]}]},"tags":[{"descriptor":{"short_desc":"Additonal Order Details"},"list":[{"crop_type":"rabi","land_cultivation_area":"1234","permanent_address":"123/45 Some Street, Great City"}],"display":true}],"type":"DEFAULT"}}}
